2025-03-03 01:31:08,115 - INFO - 使用 CPU
2025-03-03 01:31:08,128 - INFO - 数据加载成功！
2025-03-03 01:31:08,128 - INFO - 数据集形状: (10000, 14)
2025-03-03 01:31:08,129 - INFO - 数据集列: ['UDI', 'Product ID', 'Type', 'Air temperature [K]', 'Process temperature [K]', 'Rotational speed [rpm]', 'Torque [Nm]', 'Tool wear [min]', 'Machine failure', 'TWF', 'HDF', 'PWF', 'OSF', 'RNF']
2025-03-03 01:31:08,130 - INFO - 添加温差特征
2025-03-03 01:31:08,132 - INFO - 产品类型编码映射: {'H': 0, 'L': 1, 'M': 2}
2025-03-03 01:31:08,133 - INFO - 故障类型映射: {0: '无故障', 1: 'HDF', 2: 'PWF', 3: 'OSF'}
2025-03-03 01:31:08,136 - INFO - 故障类型分布:
Fault_Type
0    9713
1     106
2      83
3      98
Name: count, dtype: int64
2025-03-03 01:31:09,199 - INFO - 模型参数总数: 235396
2025-03-03 01:31:12,435 - INFO - Epoch 1/100 | Train Loss: 0.9077 | Val Loss: 0.2130
2025-03-03 01:31:14,878 - INFO - Epoch 2/100 | Train Loss: 0.0810 | Val Loss: 0.0445
2025-03-03 01:31:17,289 - INFO - Epoch 3/100 | Train Loss: 0.0366 | Val Loss: 0.0318
2025-03-03 01:31:19,788 - INFO - Epoch 4/100 | Train Loss: 0.0266 | Val Loss: 0.0227
2025-03-03 01:31:22,228 - INFO - Epoch 5/100 | Train Loss: 0.0183 | Val Loss: 0.0146
2025-03-03 01:31:24,673 - INFO - Epoch 6/100 | Train Loss: 0.0111 | Val Loss: 0.0083
2025-03-03 01:31:27,244 - INFO - Epoch 7/100 | Train Loss: 0.0060 | Val Loss: 0.0044
2025-03-03 01:31:29,717 - INFO - Epoch 8/100 | Train Loss: 0.0036 | Val Loss: 0.0028
2025-03-03 01:31:32,160 - INFO - Epoch 9/100 | Train Loss: 0.0024 | Val Loss: 0.0020
2025-03-03 01:31:34,569 - INFO - Epoch 10/100 | Train Loss: 0.0018 | Val Loss: 0.0016
2025-03-03 01:31:36,987 - INFO - Epoch 11/100 | Train Loss: 0.0014 | Val Loss: 0.0013
2025-03-03 01:31:39,446 - INFO - Epoch 12/100 | Train Loss: 0.0012 | Val Loss: 0.0011
2025-03-03 01:31:41,937 - INFO - Epoch 13/100 | Train Loss: 0.0011 | Val Loss: 0.0010
2025-03-03 01:31:44,339 - INFO - Epoch 14/100 | Train Loss: 0.0009 | Val Loss: 0.0009
2025-03-03 01:31:46,726 - INFO - Epoch 15/100 | Train Loss: 0.0009 | Val Loss: 0.0008
2025-03-03 01:31:49,186 - INFO - Epoch 16/100 | Train Loss: 0.0008 | Val Loss: 0.0008
2025-03-03 01:31:51,698 - INFO - Epoch 17/100 | Train Loss: 0.0007 | Val Loss: 0.0007
2025-03-03 01:31:54,205 - INFO - Epoch 18/100 | Train Loss: 0.0007 | Val Loss: 0.0007
2025-03-03 01:31:56,814 - INFO - Epoch 19/100 | Train Loss: 0.0006 | Val Loss: 0.0006
2025-03-03 01:31:59,412 - INFO - Epoch 20/100 | Train Loss: 0.0006 | Val Loss: 0.0006
2025-03-03 01:32:02,072 - INFO - Epoch 21/100 | Train Loss: 0.0006 | Val Loss: 0.0006
2025-03-03 01:32:04,548 - INFO - Epoch 22/100 | Train Loss: 0.0006 | Val Loss: 0.0005
2025-03-03 01:32:07,010 - INFO - Epoch 23/100 | Train Loss: 0.0005 | Val Loss: 0.0005
2025-03-03 01:32:09,607 - INFO - Epoch 24/100 | Train Loss: 0.0005 | Val Loss: 0.0005
2025-03-03 01:32:12,214 - INFO - Epoch 25/100 | Train Loss: 0.0005 | Val Loss: 0.0005
2025-03-03 01:32:14,730 - INFO - Epoch 26/100 | Train Loss: 0.0005 | Val Loss: 0.0005
2025-03-03 01:32:17,226 - INFO - Epoch 27/100 | Train Loss: 0.0004 | Val Loss: 0.0004
2025-03-03 01:32:19,815 - INFO - Epoch 28/100 | Train Loss: 0.0004 | Val Loss: 0.0004
2025-03-03 01:32:22,264 - INFO - Epoch 29/100 | Train Loss: 0.0004 | Val Loss: 0.0004
2025-03-03 01:32:24,713 - INFO - Epoch 30/100 | Train Loss: 0.0004 | Val Loss: 0.0004
2025-03-03 01:32:27,245 - INFO - Epoch 31/100 | Train Loss: 0.0004 | Val Loss: 0.0004
2025-03-03 01:32:29,851 - INFO - Epoch 32/100 | Train Loss: 0.0004 | Val Loss: 0.0004
2025-03-03 01:32:32,478 - INFO - Epoch 33/100 | Train Loss: 0.0004 | Val Loss: 0.0004
2025-03-03 01:32:35,031 - INFO - Epoch 34/100 | Train Loss: 0.0003 | Val Loss: 0.0003
2025-03-03 01:32:37,461 - INFO - Epoch 35/100 | Train Loss: 0.0003 | Val Loss: 0.0003
2025-03-03 01:32:40,061 - INFO - Epoch 36/100 | Train Loss: 0.0003 | Val Loss: 0.0003
2025-03-03 01:32:42,554 - INFO - Epoch 37/100 | Train Loss: 0.0003 | Val Loss: 0.0003
2025-03-03 01:32:44,978 - INFO - Epoch 38/100 | Train Loss: 0.0003 | Val Loss: 0.0003
2025-03-03 01:32:47,391 - INFO - Epoch 39/100 | Train Loss: 0.0003 | Val Loss: 0.0003
2025-03-03 01:32:49,852 - INFO - Epoch 40/100 | Train Loss: 0.0003 | Val Loss: 0.0003
2025-03-03 01:32:52,344 - INFO - Epoch 41/100 | Train Loss: 0.0003 | Val Loss: 0.0003
2025-03-03 01:32:54,770 - INFO - Epoch 42/100 | Train Loss: 0.0003 | Val Loss: 0.0003
2025-03-03 01:32:57,288 - INFO - Epoch 43/100 | Train Loss: 0.0003 | Val Loss: 0.0003
2025-03-03 01:32:59,925 - INFO - Epoch 44/100 | Train Loss: 0.0003 | Val Loss: 0.0003
2025-03-03 01:33:02,506 - INFO - Epoch 45/100 | Train Loss: 0.0002 | Val Loss: 0.0002
2025-03-03 01:33:04,914 - INFO - Epoch 46/100 | Train Loss: 0.0002 | Val Loss: 0.0002
2025-03-03 01:33:07,342 - INFO - Epoch 47/100 | Train Loss: 0.0002 | Val Loss: 0.0002
2025-03-03 01:33:09,773 - INFO - Epoch 48/100 | Train Loss: 0.0002 | Val Loss: 0.0002
2025-03-03 01:33:12,269 - INFO - Epoch 49/100 | Train Loss: 0.0002 | Val Loss: 0.0002
2025-03-03 01:33:14,654 - INFO - Epoch 50/100 | Train Loss: 0.0002 | Val Loss: 0.0002
2025-03-03 01:33:17,092 - INFO - Epoch 51/100 | Train Loss: 0.0002 | Val Loss: 0.0002
2025-03-03 01:33:19,526 - INFO - Epoch 52/100 | Train Loss: 0.0002 | Val Loss: 0.0002
2025-03-03 01:33:21,949 - INFO - Epoch 53/100 | Train Loss: 0.0002 | Val Loss: 0.0002
2025-03-03 01:33:24,391 - INFO - Epoch 54/100 | Train Loss: 0.0002 | Val Loss: 0.0002
2025-03-03 01:33:26,857 - INFO - Epoch 55/100 | Train Loss: 0.0002 | Val Loss: 0.0002
2025-03-03 01:33:29,376 - INFO - Epoch 56/100 | Train Loss: 0.0002 | Val Loss: 0.0002
2025-03-03 01:33:31,835 - INFO - Epoch 57/100 | Train Loss: 0.0002 | Val Loss: 0.0002
2025-03-03 01:33:34,329 - INFO - Epoch 58/100 | Train Loss: 0.0002 | Val Loss: 0.0002
2025-03-03 01:33:36,834 - INFO - Epoch 59/100 | Train Loss: 0.0002 | Val Loss: 0.0002
2025-03-03 01:33:39,984 - INFO - Epoch 60/100 | Train Loss: 0.0002 | Val Loss: 0.0002
2025-03-03 01:33:43,147 - INFO - Epoch 61/100 | Train Loss: 0.0002 | Val Loss: 0.0002
2025-03-03 01:33:46,350 - INFO - Epoch 62/100 | Train Loss: 0.0002 | Val Loss: 0.0002
2025-03-03 01:33:49,121 - INFO - Epoch 63/100 | Train Loss: 0.0001 | Val Loss: 0.0001
2025-03-03 01:33:51,847 - INFO - Epoch 64/100 | Train Loss: 0.0001 | Val Loss: 0.0001
2025-03-03 01:33:54,733 - INFO - Epoch 65/100 | Train Loss: 0.0001 | Val Loss: 0.0001
2025-03-03 01:33:57,504 - INFO - Epoch 66/100 | Train Loss: 0.0001 | Val Loss: 0.0001
2025-03-03 01:34:00,366 - INFO - Epoch 67/100 | Train Loss: 0.0001 | Val Loss: 0.0001
2025-03-03 01:34:03,121 - INFO - Epoch 68/100 | Train Loss: 0.0001 | Val Loss: 0.0001
2025-03-03 01:34:05,795 - INFO - Epoch 69/100 | Train Loss: 0.0001 | Val Loss: 0.0001
2025-03-03 01:34:08,370 - INFO - Epoch 70/100 | Train Loss: 0.0001 | Val Loss: 0.0001
2025-03-03 01:34:10,955 - INFO - Epoch 71/100 | Train Loss: 0.0001 | Val Loss: 0.0001
2025-03-03 01:34:13,564 - INFO - Epoch 72/100 | Train Loss: 0.0001 | Val Loss: 0.0001
2025-03-03 01:34:16,100 - INFO - Epoch 73/100 | Train Loss: 0.0001 | Val Loss: 0.0001
2025-03-03 01:34:18,506 - INFO - Epoch 74/100 | Train Loss: 0.0001 | Val Loss: 0.0001
2025-03-03 01:34:20,959 - INFO - Epoch 75/100 | Train Loss: 0.0001 | Val Loss: 0.0001
2025-03-03 01:34:23,388 - INFO - Epoch 76/100 | Train Loss: 0.0001 | Val Loss: 0.0001
2025-03-03 01:34:25,918 - INFO - Epoch 77/100 | Train Loss: 0.0001 | Val Loss: 0.0001
2025-03-03 01:34:28,449 - INFO - Epoch 78/100 | Train Loss: 0.0001 | Val Loss: 0.0001
2025-03-03 01:34:31,456 - INFO - Epoch 79/100 | Train Loss: 0.0001 | Val Loss: 0.0001
2025-03-03 01:34:34,479 - INFO - Epoch 80/100 | Train Loss: 0.0001 | Val Loss: 0.0001
2025-03-03 01:34:37,564 - INFO - Epoch 81/100 | Train Loss: 0.0001 | Val Loss: 0.0001
2025-03-03 01:34:40,214 - INFO - Epoch 82/100 | Train Loss: 0.0001 | Val Loss: 0.0001
2025-03-03 01:34:43,006 - INFO - Epoch 83/100 | Train Loss: 0.0001 | Val Loss: 0.0001
2025-03-03 01:34:46,029 - INFO - Epoch 84/100 | Train Loss: 0.0001 | Val Loss: 0.0001
2025-03-03 01:34:48,863 - INFO - Epoch 85/100 | Train Loss: 0.0001 | Val Loss: 0.0001
2025-03-03 01:34:51,851 - INFO - Epoch 86/100 | Train Loss: 0.0001 | Val Loss: 0.0001
2025-03-03 01:34:55,208 - INFO - Epoch 87/100 | Train Loss: 0.0001 | Val Loss: 0.0001
2025-03-03 01:34:58,378 - INFO - Epoch 88/100 | Train Loss: 0.0001 | Val Loss: 0.0001
2025-03-03 01:35:01,028 - INFO - Epoch 89/100 | Train Loss: 0.0001 | Val Loss: 0.0001
2025-03-03 01:35:03,647 - INFO - Epoch 90/100 | Train Loss: 0.0001 | Val Loss: 0.0001
2025-03-03 01:35:06,438 - INFO - Epoch 91/100 | Train Loss: 0.0001 | Val Loss: 0.0001
2025-03-03 01:35:09,655 - INFO - Epoch 92/100 | Train Loss: 0.0001 | Val Loss: 0.0001
2025-03-03 01:35:12,511 - INFO - Epoch 93/100 | Train Loss: 0.0001 | Val Loss: 0.0001
2025-03-03 01:35:15,547 - INFO - Epoch 94/100 | Train Loss: 0.0001 | Val Loss: 0.0001
2025-03-03 01:35:18,592 - INFO - Epoch 95/100 | Train Loss: 0.0001 | Val Loss: 0.0001
2025-03-03 01:35:21,490 - INFO - Epoch 96/100 | Train Loss: 0.0001 | Val Loss: 0.0001
2025-03-03 01:35:24,505 - INFO - Epoch 97/100 | Train Loss: 0.0001 | Val Loss: 0.0001
2025-03-03 01:35:27,465 - INFO - Epoch 98/100 | Train Loss: 0.0001 | Val Loss: 0.0001
2025-03-03 01:35:30,413 - INFO - Epoch 99/100 | Train Loss: 0.0001 | Val Loss: 0.0001
2025-03-03 01:35:33,158 - INFO - Epoch 100/100 | Train Loss: 0.0001 | Val Loss: 0.0001
2025-03-03 01:35:33,167 - INFO - 最佳模型已保存到 mamba_experiment_results_reduced\20250303_013108\best_mamba_model_reduced.pth
2025-03-03 01:35:33,663 - INFO - 学习曲线已保存到 mamba_experiment_results_reduced\20250303_013108\learning_curves.svg
2025-03-03 01:35:33,793 - INFO - 准确率: 1.0000
2025-03-03 01:35:33,793 - INFO - 宏平均F1分数: 1.0000
2025-03-03 01:35:33,793 - INFO - 加权平均F1分数: 1.0000
2025-03-03 01:35:33,894 - INFO - 评估结果已保存到 mamba_experiment_results_reduced\20250303_013108\mamba_evaluation_results_reduced.json
2025-03-03 01:35:37,810 - INFO - 特征重要性分析已保存到 mamba_experiment_results_reduced\20250303_013108
2025-03-03 01:35:37,811 - INFO - 模型训练与评估完成！
2025-03-03 01:35:37,811 - INFO - 最佳验证损失: 0.0001
2025-03-03 01:35:37,811 - INFO - 准确率: 1.0000
2025-03-03 01:35:37,811 - INFO - 宏平均F1分数: 1.0000
2025-03-03 01:35:37,812 - INFO - 加权平均F1分数: 1.0000
2025-03-03 01:35:37,812 - INFO - 前10个最重要的特征:
2025-03-03 01:35:37,813 - INFO - 1. OSF: 0.1670
2025-03-03 01:35:37,814 - INFO - 2. Torque [Nm]: 0.1668
2025-03-03 01:35:37,815 - INFO - 3. Temp_diff: 0.1666
2025-03-03 01:35:37,815 - INFO - 4. PWF: 0.1639
2025-03-03 01:35:37,815 - INFO - 5. Rotational speed [rpm]: 0.1563
2025-03-03 01:35:37,816 - INFO - 6. Process temperature [K]: 0.1563
2025-03-03 01:35:37,816 - INFO - 7. HDF: 0.1557
2025-03-03 01:35:37,816 - INFO - 8. Type_encoded: 0.1523
2025-03-03 01:35:37,817 - INFO - 9. Tool wear [min]: 0.1473
2025-03-03 01:35:37,818 - INFO - 10. Air temperature [K]: 0.1448
2025-03-03 01:35:37,818 - INFO - 所有结果已保存到: mamba_experiment_results_reduced\20250303_013108
2025-03-03 01:37:39,107 - INFO - 使用 CPU
2025-03-03 01:37:39,130 - INFO - 数据加载成功！
2025-03-03 01:37:39,130 - INFO - 数据集形状: (10000, 14)
2025-03-03 01:37:39,131 - INFO - 数据集列: ['UDI', 'Product ID', 'Type', 'Air temperature [K]', 'Process temperature [K]', 'Rotational speed [rpm]', 'Torque [Nm]', 'Tool wear [min]', 'Machine failure', 'TWF', 'HDF', 'PWF', 'OSF', 'RNF']
2025-03-03 01:37:39,136 - INFO - 添加温差特征
2025-03-03 01:37:39,139 - INFO - 产品类型编码映射: {'H': 0, 'L': 1, 'M': 2}
2025-03-03 01:37:39,141 - INFO - 故障类型映射: {0: '无故障', 1: 'HDF', 2: 'PWF', 3: 'OSF'}
2025-03-03 01:37:39,146 - INFO - 故障类型分布:
Fault_Type
0    9713
1     106
2      83
3      98
Name: count, dtype: int64
2025-03-03 01:37:40,670 - INFO - 模型参数总数: 235396
2025-03-03 01:37:44,025 - INFO - Epoch 1/100 | Train Loss: 0.8157 | Val Loss: 0.1769
2025-03-03 01:37:48,144 - INFO - Epoch 2/100 | Train Loss: 0.0702 | Val Loss: 0.0406
2025-03-03 01:37:51,146 - INFO - Epoch 3/100 | Train Loss: 0.0349 | Val Loss: 0.0279
2025-03-03 01:37:54,623 - INFO - Epoch 4/100 | Train Loss: 0.0229 | Val Loss: 0.0159
2025-03-03 01:37:57,925 - INFO - Epoch 5/100 | Train Loss: 0.0112 | Val Loss: 0.0060
2025-03-03 01:38:00,793 - INFO - Epoch 6/100 | Train Loss: 0.0049 | Val Loss: 0.0033
2025-03-03 01:38:04,396 - INFO - Epoch 7/100 | Train Loss: 0.0029 | Val Loss: 0.0023
2025-03-03 01:38:07,200 - INFO - Epoch 8/100 | Train Loss: 0.0021 | Val Loss: 0.0018
2025-03-03 01:40:19,594 - INFO - 使用 CPU
2025-03-03 01:40:19,611 - INFO - 数据加载成功！
2025-03-03 01:40:19,612 - INFO - 数据集形状: (10000, 14)
2025-03-03 01:40:19,612 - INFO - 数据集列: ['UDI', 'Product ID', 'Type', 'Air temperature [K]', 'Process temperature [K]', 'Rotational speed [rpm]', 'Torque [Nm]', 'Tool wear [min]', 'Machine failure', 'TWF', 'HDF', 'PWF', 'OSF', 'RNF']
2025-03-03 01:40:19,614 - INFO - 添加温差特征
2025-03-03 01:40:19,616 - INFO - 产品类型编码映射: {'H': 0, 'L': 1, 'M': 2}
2025-03-03 01:40:19,618 - INFO - 故障类型映射: {0: '无故障', 1: 'HDF', 2: 'PWF', 3: 'OSF'}
2025-03-03 01:40:19,620 - INFO - 故障类型分布:
Fault_Type
0    9713
1     106
2      83
3      98
Name: count, dtype: int64
2025-03-03 01:40:21,058 - INFO - 模型参数总数: 235012
2025-03-03 01:40:23,880 - INFO - Epoch 1/100 | Train Loss: 0.9974 | Val Loss: 0.3262
2025-03-03 01:40:26,634 - INFO - Epoch 2/100 | Train Loss: 0.1546 | Val Loss: 0.1091
2025-03-03 01:40:29,311 - INFO - Epoch 3/100 | Train Loss: 0.0984 | Val Loss: 0.0895
2025-03-03 01:40:32,158 - INFO - Epoch 4/100 | Train Loss: 0.0829 | Val Loss: 0.0757
2025-03-03 01:40:34,907 - INFO - Epoch 5/100 | Train Loss: 0.0682 | Val Loss: 0.0680
2025-03-03 01:40:37,633 - INFO - Epoch 6/100 | Train Loss: 0.0597 | Val Loss: 0.0561
2025-03-03 01:40:40,278 - INFO - Epoch 7/100 | Train Loss: 0.0481 | Val Loss: 0.0482
2025-03-03 01:40:42,924 - INFO - Epoch 8/100 | Train Loss: 0.0415 | Val Loss: 0.0445
2025-03-03 01:40:45,528 - INFO - Epoch 9/100 | Train Loss: 0.0377 | Val Loss: 0.0407
2025-03-03 01:40:48,136 - INFO - Epoch 10/100 | Train Loss: 0.0330 | Val Loss: 0.0343
2025-03-03 01:40:50,657 - INFO - Epoch 11/100 | Train Loss: 0.0319 | Val Loss: 0.0362
2025-03-03 01:40:53,184 - INFO - Epoch 12/100 | Train Loss: 0.0284 | Val Loss: 0.0315
2025-03-03 01:40:55,696 - INFO - Epoch 13/100 | Train Loss: 0.0268 | Val Loss: 0.0313
2025-03-03 01:40:58,271 - INFO - Epoch 14/100 | Train Loss: 0.0238 | Val Loss: 0.0308
2025-03-03 01:41:00,905 - INFO - Epoch 15/100 | Train Loss: 0.0222 | Val Loss: 0.0318
2025-03-03 01:41:03,507 - INFO - Epoch 16/100 | Train Loss: 0.0219 | Val Loss: 0.0274
2025-03-03 01:41:06,093 - INFO - Epoch 17/100 | Train Loss: 0.0210 | Val Loss: 0.0331
2025-03-03 01:41:08,702 - INFO - Epoch 18/100 | Train Loss: 0.0205 | Val Loss: 0.0314
2025-03-03 01:41:11,247 - INFO - Epoch 19/100 | Train Loss: 0.0206 | Val Loss: 0.0261
2025-03-03 01:41:13,802 - INFO - Epoch 20/100 | Train Loss: 0.0175 | Val Loss: 0.0268
2025-03-03 01:41:16,357 - INFO - Epoch 21/100 | Train Loss: 0.0174 | Val Loss: 0.0250
2025-03-03 01:41:18,982 - INFO - Epoch 22/100 | Train Loss: 0.0156 | Val Loss: 0.0267
2025-03-03 01:41:21,542 - INFO - Epoch 23/100 | Train Loss: 0.0161 | Val Loss: 0.0242
2025-03-03 01:41:24,109 - INFO - Epoch 24/100 | Train Loss: 0.0166 | Val Loss: 0.0256
2025-03-03 01:41:26,657 - INFO - Epoch 25/100 | Train Loss: 0.0151 | Val Loss: 0.0253
2025-03-03 01:41:29,199 - INFO - Epoch 26/100 | Train Loss: 0.0146 | Val Loss: 0.0240
2025-03-03 01:41:31,751 - INFO - Epoch 27/100 | Train Loss: 0.0132 | Val Loss: 0.0217
2025-03-03 01:41:34,286 - INFO - Epoch 28/100 | Train Loss: 0.0125 | Val Loss: 0.0226
2025-03-03 01:41:36,935 - INFO - Epoch 29/100 | Train Loss: 0.0170 | Val Loss: 0.0249
2025-03-03 01:41:39,512 - INFO - Epoch 30/100 | Train Loss: 0.0143 | Val Loss: 0.0251
2025-03-03 01:41:42,058 - INFO - Epoch 31/100 | Train Loss: 0.0129 | Val Loss: 0.0220
2025-03-03 01:41:44,598 - INFO - Epoch 32/100 | Train Loss: 0.0110 | Val Loss: 0.0246
2025-03-03 01:41:47,164 - INFO - Epoch 33/100 | Train Loss: 0.0142 | Val Loss: 0.0228
2025-03-03 01:41:49,845 - INFO - Epoch 34/100 | Train Loss: 0.0120 | Val Loss: 0.0291
2025-03-03 01:41:52,349 - INFO - Epoch 35/100 | Train Loss: 0.0139 | Val Loss: 0.0261
2025-03-03 01:41:54,943 - INFO - Epoch 36/100 | Train Loss: 0.0121 | Val Loss: 0.0242
2025-03-03 01:41:57,627 - INFO - Epoch 37/100 | Train Loss: 0.0103 | Val Loss: 0.0274
2025-03-03 01:42:00,407 - INFO - Epoch 38/100 | Train Loss: 0.0114 | Val Loss: 0.0208
2025-03-03 01:42:03,047 - INFO - Epoch 39/100 | Train Loss: 0.0094 | Val Loss: 0.0279
2025-03-03 01:42:05,620 - INFO - Epoch 40/100 | Train Loss: 0.0106 | Val Loss: 0.0314
2025-03-03 01:42:08,274 - INFO - Epoch 41/100 | Train Loss: 0.0101 | Val Loss: 0.0470
2025-03-03 01:42:10,936 - INFO - Epoch 42/100 | Train Loss: 0.0150 | Val Loss: 0.0263
2025-03-03 01:42:13,480 - INFO - Epoch 43/100 | Train Loss: 0.0109 | Val Loss: 0.0251
2025-03-03 01:42:16,025 - INFO - Epoch 44/100 | Train Loss: 0.0092 | Val Loss: 0.0206
2025-03-03 01:42:18,591 - INFO - Epoch 45/100 | Train Loss: 0.0083 | Val Loss: 0.0231
2025-03-03 01:42:21,195 - INFO - Epoch 46/100 | Train Loss: 0.0097 | Val Loss: 0.0325
2025-03-03 01:42:23,738 - INFO - Epoch 47/100 | Train Loss: 0.0078 | Val Loss: 0.0340
2025-03-03 01:42:26,323 - INFO - Epoch 48/100 | Train Loss: 0.0113 | Val Loss: 0.0310
2025-03-03 01:42:28,874 - INFO - Epoch 49/100 | Train Loss: 0.0108 | Val Loss: 0.0242
2025-03-03 01:42:31,609 - INFO - Epoch 50/100 | Train Loss: 0.0100 | Val Loss: 0.0248
2025-03-03 01:42:34,204 - INFO - Epoch 51/100 | Train Loss: 0.0084 | Val Loss: 0.0231
2025-03-03 01:42:36,788 - INFO - Epoch 52/100 | Train Loss: 0.0104 | Val Loss: 0.0222
2025-03-03 01:42:39,481 - INFO - Epoch 53/100 | Train Loss: 0.0101 | Val Loss: 0.0407
2025-03-03 01:42:42,127 - INFO - Epoch 54/100 | Train Loss: 0.0097 | Val Loss: 0.0247
2025-03-03 01:42:44,676 - INFO - Epoch 55/100 | Train Loss: 0.0079 | Val Loss: 0.0363
2025-03-03 01:42:47,231 - INFO - Epoch 56/100 | Train Loss: 0.0097 | Val Loss: 0.0258
2025-03-03 01:42:49,869 - INFO - Epoch 57/100 | Train Loss: 0.0078 | Val Loss: 0.0285
2025-03-03 01:42:52,592 - INFO - Epoch 58/100 | Train Loss: 0.0069 | Val Loss: 0.0235
2025-03-03 01:42:55,521 - INFO - Epoch 59/100 | Train Loss: 0.0064 | Val Loss: 0.0246
2025-03-03 01:42:58,111 - INFO - Epoch 60/100 | Train Loss: 0.0072 | Val Loss: 0.0278
2025-03-03 01:43:01,061 - INFO - Epoch 61/100 | Train Loss: 0.0066 | Val Loss: 0.0237
2025-03-03 01:43:04,031 - INFO - Epoch 62/100 | Train Loss: 0.0079 | Val Loss: 0.0372
2025-03-03 01:43:07,029 - INFO - Epoch 63/100 | Train Loss: 0.0136 | Val Loss: 0.0248
2025-03-03 01:43:10,192 - INFO - Epoch 64/100 | Train Loss: 0.0111 | Val Loss: 0.0284
2025-03-03 01:43:10,193 - INFO - Early stopping triggered after 64 epochs
2025-03-03 01:43:10,219 - INFO - 最佳模型已保存到 mamba_experiment_results_reduced\20250303_014019\best_mamba_model_reduced.pth
2025-03-03 01:43:10,855 - INFO - 学习曲线已保存到 mamba_experiment_results_reduced\20250303_014019\learning_curves.svg
2025-03-03 01:43:10,987 - INFO - 准确率: 0.9897
2025-03-03 01:43:10,988 - INFO - 宏平均F1分数: 0.8545
2025-03-03 01:43:10,988 - INFO - 加权平均F1分数: 0.9897
2025-03-03 01:43:11,072 - INFO - 评估结果已保存到 mamba_experiment_results_reduced\20250303_014019\mamba_evaluation_results_reduced.json
2025-03-03 01:43:14,445 - INFO - 特征重要性分析已保存到 mamba_experiment_results_reduced\20250303_014019
2025-03-03 01:43:14,446 - INFO - 模型训练与评估完成！
2025-03-03 01:43:14,446 - INFO - 最佳验证损失: 0.0206
2025-03-03 01:43:14,447 - INFO - 准确率: 0.9897
2025-03-03 01:43:14,447 - INFO - 宏平均F1分数: 0.8545
2025-03-03 01:43:14,447 - INFO - 加权平均F1分数: 0.9897
2025-03-03 01:43:14,448 - INFO - 前10个最重要的特征:
2025-03-03 01:43:14,448 - INFO - 1. Rotational speed [rpm]: 0.2076
2025-03-03 01:43:14,449 - INFO - 2. Temp_diff: 0.1902
2025-03-03 01:43:14,449 - INFO - 3. Type_encoded: 0.1820
2025-03-03 01:43:14,449 - INFO - 4. Torque [Nm]: 0.1804
2025-03-03 01:43:14,450 - INFO - 5. Air temperature [K]: 0.1798
2025-03-03 01:43:14,451 - INFO - 6. Process temperature [K]: 0.1720
2025-03-03 01:43:14,451 - INFO - 7. Tool wear [min]: 0.1708
2025-03-03 01:43:14,451 - INFO - 所有结果已保存到: mamba_experiment_results_reduced\20250303_014019
