2025-03-07 23:33:14,658 - INFO - 使用设备: cpu
2025-03-07 23:33:14,658 - INFO - 输出目录: mamba_results_20250307_233314
2025-03-07 23:33:14,658 - INFO - 加载数据: ./ai4i2020.csv
2025-03-07 23:33:14,682 - INFO - 数据集形状: (10000, 14)
2025-03-07 23:33:14,682 - INFO - 数据集列: ['UDI', 'Product ID', 'Type', 'Air temperature [K]', 'Process temperature [K]', 'Rotational speed [rpm]', 'Torque [Nm]', 'Tool wear [min]', 'Machine failure', 'TWF', 'HDF', 'PWF', 'OSF', 'RNF']
2025-03-07 23:33:14,691 - INFO - 特征工程完成
2025-03-07 23:33:14,695 - INFO - 故障类型映射: {0: '无故障', 1: 'HDF', 2: 'PWF', 3: 'OSF', 4: 'TWF', 5: 'RNF'}
2025-03-07 23:33:14,698 - INFO - 故障类型分布:
Fault_Type
0    9652
1     106
2      83
3      95
4      45
5      19
Name: count, dtype: int64
2025-03-07 23:33:14,702 - INFO - 特征数量: 16
2025-03-07 23:33:14,702 - INFO - 特征列表: ['Air temperature [K]', 'Process temperature [K]', 'Rotational speed [rpm]', 'Torque [Nm]', 'Tool wear [min]', 'Type_encoded', 'Temp_diff', 'Torque_Rotational_ratio', 'Power', 'Tool_wear_rate', 'Temp_Tool_interaction', 'Rotation_Tool_interaction', 'Torque_Tool_interaction', 'Rotational_speed_squared', 'Tool_wear_squared', 'Torque_squared']
2025-03-07 23:33:14,731 - INFO - 类别权重: tensor([ 0.2590, 15.6863, 20.2020, 17.5439, 37.0370, 88.8889])
2025-03-07 23:33:14,731 - INFO - 执行过采样...
2025-03-07 23:33:14,738 - INFO - 过采样前样本分布: [7722   85   66   76   36   15]
2025-03-07 23:33:14,739 - INFO - 过采样后样本分布: [7722 2316 2316 2316 2316 2316]
2025-03-07 23:33:17,283 - INFO - 模型结构:
MambaSequenceModel(
  (input_proj): Linear(in_features=16, out_features=128, bias=True)
  (layers): ModuleList(
    (0-3): 4 x ResidualBlock(
      (mixer): MambaBlock(
        (in_proj): Linear(in_features=128, out_features=512, bias=False)
        (conv1d): Conv1d(256, 256, kernel_size=(4,), stride=(1,), padding=(3,), groups=256)
        (x_proj): Linear(in_features=256, out_features=40, bias=False)
        (dt_proj): Linear(in_features=8, out_features=256, bias=True)
        (out_proj): Linear(in_features=256, out_features=128, bias=False)
      )
      (norm): RMSNorm()
    )
  )
  (norm_f): RMSNorm()
  (classifier): Linear(in_features=128, out_features=6, bias=True)
)
2025-03-07 23:33:17,286 - INFO - 模型训练器初始化完成
2025-03-07 23:33:17,286 - INFO - 开始训练，总轮次: 200
2025-03-07 23:33:17,289 - INFO - 轮次 1/200, 批次 0/604
2025-03-07 23:33:18,811 - INFO - 轮次 1/200, 批次 10/604
2025-03-07 23:33:20,178 - INFO - 轮次 1/200, 批次 20/604
2025-03-07 23:33:21,283 - INFO - 轮次 1/200, 批次 30/604
2025-03-07 23:33:22,399 - INFO - 轮次 1/200, 批次 40/604
2025-03-07 23:33:23,446 - INFO - 轮次 1/200, 批次 50/604
2025-03-07 23:33:24,613 - INFO - 轮次 1/200, 批次 60/604
2025-03-07 23:33:25,751 - INFO - 轮次 1/200, 批次 70/604
2025-03-07 23:33:26,862 - INFO - 轮次 1/200, 批次 80/604
2025-03-07 23:33:28,147 - INFO - 轮次 1/200, 批次 90/604
2025-03-07 23:33:29,368 - INFO - 轮次 1/200, 批次 100/604
2025-03-07 23:33:30,452 - INFO - 轮次 1/200, 批次 110/604
2025-03-07 23:33:31,519 - INFO - 轮次 1/200, 批次 120/604
2025-03-07 23:33:32,613 - INFO - 轮次 1/200, 批次 130/604
2025-03-07 23:33:33,741 - INFO - 轮次 1/200, 批次 140/604
2025-03-07 23:33:34,858 - INFO - 轮次 1/200, 批次 150/604
2025-03-07 23:33:35,937 - INFO - 轮次 1/200, 批次 160/604
2025-03-07 23:33:37,000 - INFO - 轮次 1/200, 批次 170/604
2025-03-07 23:33:38,198 - INFO - 轮次 1/200, 批次 180/604
2025-03-07 23:33:39,454 - INFO - 轮次 1/200, 批次 190/604
2025-03-07 23:33:40,524 - INFO - 轮次 1/200, 批次 200/604
2025-03-07 23:33:41,867 - INFO - 轮次 1/200, 批次 210/604
2025-03-07 23:33:43,112 - INFO - 轮次 1/200, 批次 220/604
2025-03-07 23:33:44,252 - INFO - 轮次 1/200, 批次 230/604
2025-03-07 23:33:45,373 - INFO - 轮次 1/200, 批次 240/604
2025-03-07 23:33:46,541 - INFO - 轮次 1/200, 批次 250/604
2025-03-07 23:33:47,667 - INFO - 轮次 1/200, 批次 260/604
2025-03-07 23:33:48,847 - INFO - 轮次 1/200, 批次 270/604
2025-03-07 23:33:49,957 - INFO - 轮次 1/200, 批次 280/604
2025-03-07 23:33:51,015 - INFO - 轮次 1/200, 批次 290/604
2025-03-07 23:33:52,152 - INFO - 轮次 1/200, 批次 300/604
2025-03-07 23:33:53,236 - INFO - 轮次 1/200, 批次 310/604
2025-03-07 23:33:54,315 - INFO - 轮次 1/200, 批次 320/604
2025-03-07 23:33:55,494 - INFO - 轮次 1/200, 批次 330/604
2025-03-07 23:33:56,564 - INFO - 轮次 1/200, 批次 340/604
2025-03-07 23:33:57,632 - INFO - 轮次 1/200, 批次 350/604
2025-03-07 23:33:59,004 - INFO - 轮次 1/200, 批次 360/604
2025-03-07 23:34:00,138 - INFO - 轮次 1/200, 批次 370/604
2025-03-07 23:34:01,270 - INFO - 轮次 1/200, 批次 380/604
2025-03-07 23:34:02,448 - INFO - 轮次 1/200, 批次 390/604
2025-03-07 23:34:03,523 - INFO - 轮次 1/200, 批次 400/604
2025-03-07 23:34:04,675 - INFO - 轮次 1/200, 批次 410/604
2025-03-07 23:34:05,766 - INFO - 轮次 1/200, 批次 420/604
2025-03-07 23:34:06,876 - INFO - 轮次 1/200, 批次 430/604
2025-03-07 23:34:07,982 - INFO - 轮次 1/200, 批次 440/604
2025-03-07 23:34:09,115 - INFO - 轮次 1/200, 批次 450/604
2025-03-07 23:34:10,302 - INFO - 轮次 1/200, 批次 460/604
2025-03-07 23:34:11,458 - INFO - 轮次 1/200, 批次 470/604
2025-03-07 23:34:12,521 - INFO - 轮次 1/200, 批次 480/604
2025-03-07 23:34:13,621 - INFO - 轮次 1/200, 批次 490/604
2025-03-07 23:34:14,735 - INFO - 轮次 1/200, 批次 500/604
2025-03-07 23:34:15,900 - INFO - 轮次 1/200, 批次 510/604
2025-03-07 23:34:17,050 - INFO - 轮次 1/200, 批次 520/604
2025-03-07 23:34:18,278 - INFO - 轮次 1/200, 批次 530/604
2025-03-07 23:34:19,385 - INFO - 轮次 1/200, 批次 540/604
2025-03-07 23:34:20,538 - INFO - 轮次 1/200, 批次 550/604
2025-03-07 23:34:21,818 - INFO - 轮次 1/200, 批次 560/604
2025-03-07 23:34:23,107 - INFO - 轮次 1/200, 批次 570/604
2025-03-07 23:34:24,549 - INFO - 轮次 1/200, 批次 580/604
2025-03-07 23:34:25,668 - INFO - 轮次 1/200, 批次 590/604
2025-03-07 23:34:26,782 - INFO - 轮次 1/200, 批次 600/604
2025-03-07 23:34:27,966 - INFO - 轮次 1/200, 训练损失: 2.1682, 验证损失: 0.2426, 验证准确率: 0.0355, 验证F1: 0.0162, 验证精确率: 0.9701, 验证召回率: 0.0355
2025-03-07 23:34:27,972 - INFO - 保存最佳模型，验证损失: 0.2426
2025-03-07 23:34:27,974 - INFO - 轮次 2/200, 批次 0/604
2025-03-07 23:34:29,067 - INFO - 轮次 2/200, 批次 10/604
2025-03-07 23:34:30,279 - INFO - 轮次 2/200, 批次 20/604
2025-03-07 23:34:31,388 - INFO - 轮次 2/200, 批次 30/604
2025-03-07 23:34:32,447 - INFO - 轮次 2/200, 批次 40/604
2025-03-07 23:34:33,561 - INFO - 轮次 2/200, 批次 50/604
2025-03-07 23:34:34,666 - INFO - 轮次 2/200, 批次 60/604
2025-03-07 23:34:35,855 - INFO - 轮次 2/200, 批次 70/604
2025-03-07 23:34:37,029 - INFO - 轮次 2/200, 批次 80/604
2025-03-07 23:34:38,351 - INFO - 轮次 2/200, 批次 90/604
2025-03-07 23:34:39,432 - INFO - 轮次 2/200, 批次 100/604
2025-03-07 23:34:40,631 - INFO - 轮次 2/200, 批次 110/604
2025-03-07 23:34:41,945 - INFO - 轮次 2/200, 批次 120/604
2025-03-07 23:34:43,060 - INFO - 轮次 2/200, 批次 130/604
2025-03-07 23:34:44,120 - INFO - 轮次 2/200, 批次 140/604
2025-03-07 23:34:45,267 - INFO - 轮次 2/200, 批次 150/604
2025-03-07 23:34:46,344 - INFO - 轮次 2/200, 批次 160/604
2025-03-07 23:34:47,428 - INFO - 轮次 2/200, 批次 170/604
2025-03-07 23:34:48,544 - INFO - 轮次 2/200, 批次 180/604
2025-03-07 23:34:49,634 - INFO - 轮次 2/200, 批次 190/604
2025-03-07 23:34:50,826 - INFO - 轮次 2/200, 批次 200/604
2025-03-07 23:34:52,031 - INFO - 轮次 2/200, 批次 210/604
2025-03-07 23:34:53,157 - INFO - 轮次 2/200, 批次 220/604
2025-03-07 23:34:54,253 - INFO - 轮次 2/200, 批次 230/604
2025-03-07 23:34:55,378 - INFO - 轮次 2/200, 批次 240/604
2025-03-07 23:34:56,468 - INFO - 轮次 2/200, 批次 250/604
2025-03-07 23:34:57,796 - INFO - 轮次 2/200, 批次 260/604
2025-03-07 23:34:58,878 - INFO - 轮次 2/200, 批次 270/604
2025-03-07 23:34:59,960 - INFO - 轮次 2/200, 批次 280/604
2025-03-07 23:35:01,055 - INFO - 轮次 2/200, 批次 290/604
2025-03-07 23:35:02,253 - INFO - 轮次 2/200, 批次 300/604
2025-03-07 23:35:03,364 - INFO - 轮次 2/200, 批次 310/604
2025-03-07 23:35:04,517 - INFO - 轮次 2/200, 批次 320/604
2025-03-07 23:35:05,592 - INFO - 轮次 2/200, 批次 330/604
2025-03-07 23:35:06,654 - INFO - 轮次 2/200, 批次 340/604
2025-03-07 23:35:07,816 - INFO - 轮次 2/200, 批次 350/604
2025-03-07 23:35:08,884 - INFO - 轮次 2/200, 批次 360/604
2025-03-07 23:35:09,943 - INFO - 轮次 2/200, 批次 370/604
2025-03-07 23:35:11,009 - INFO - 轮次 2/200, 批次 380/604
2025-03-07 23:35:12,244 - INFO - 轮次 2/200, 批次 390/604
2025-03-07 23:35:13,338 - INFO - 轮次 2/200, 批次 400/604
2025-03-07 23:35:14,494 - INFO - 轮次 2/200, 批次 410/604
2025-03-07 23:35:15,567 - INFO - 轮次 2/200, 批次 420/604
2025-03-07 23:35:16,788 - INFO - 轮次 2/200, 批次 430/604
2025-03-07 23:35:17,908 - INFO - 轮次 2/200, 批次 440/604
2025-03-07 23:35:19,123 - INFO - 轮次 2/200, 批次 450/604
2025-03-07 23:35:20,174 - INFO - 轮次 2/200, 批次 460/604
2025-03-07 23:35:21,330 - INFO - 轮次 2/200, 批次 470/604
2025-03-07 23:35:22,458 - INFO - 轮次 2/200, 批次 480/604
2025-03-07 23:35:23,550 - INFO - 轮次 2/200, 批次 490/604
2025-03-07 23:35:24,713 - INFO - 轮次 2/200, 批次 500/604
2025-03-07 23:35:25,785 - INFO - 轮次 2/200, 批次 510/604
2025-03-07 23:35:26,828 - INFO - 轮次 2/200, 批次 520/604
2025-03-07 23:35:27,883 - INFO - 轮次 2/200, 批次 530/604
2025-03-07 23:35:28,964 - INFO - 轮次 2/200, 批次 540/604
2025-03-07 23:35:30,077 - INFO - 轮次 2/200, 批次 550/604
2025-03-07 23:35:31,192 - INFO - 轮次 2/200, 批次 560/604
2025-03-07 23:35:32,228 - INFO - 轮次 2/200, 批次 570/604
2025-03-07 23:35:33,491 - INFO - 轮次 2/200, 批次 580/604
2025-03-07 23:35:34,726 - INFO - 轮次 2/200, 批次 590/604
2025-03-07 23:35:36,079 - INFO - 轮次 2/200, 批次 600/604
2025-03-07 23:35:37,146 - INFO - 轮次 2/200, 训练损失: 0.9514, 验证损失: 0.2213, 验证准确率: 0.0505, 验证F1: 0.0440, 验证精确率: 0.9704, 验证召回率: 0.0505
2025-03-07 23:35:37,154 - INFO - 保存最佳模型，验证损失: 0.2213
2025-03-07 23:35:37,156 - INFO - 轮次 3/200, 批次 0/604
2025-03-07 23:35:38,345 - INFO - 轮次 3/200, 批次 10/604
2025-03-07 23:35:39,512 - INFO - 轮次 3/200, 批次 20/604
2025-03-07 23:35:40,661 - INFO - 轮次 3/200, 批次 30/604
2025-03-07 23:35:41,903 - INFO - 轮次 3/200, 批次 40/604
2025-03-07 23:35:43,282 - INFO - 轮次 3/200, 批次 50/604
2025-03-07 23:35:44,546 - INFO - 轮次 3/200, 批次 60/604
2025-03-07 23:35:45,645 - INFO - 轮次 3/200, 批次 70/604
2025-03-07 23:35:46,734 - INFO - 轮次 3/200, 批次 80/604
2025-03-07 23:35:47,875 - INFO - 轮次 3/200, 批次 90/604
2025-03-07 23:35:49,084 - INFO - 轮次 3/200, 批次 100/604
2025-03-07 23:35:50,241 - INFO - 轮次 3/200, 批次 110/604
2025-03-07 23:35:51,578 - INFO - 轮次 3/200, 批次 120/604
2025-03-07 23:35:52,839 - INFO - 轮次 3/200, 批次 130/604
2025-03-07 23:35:54,179 - INFO - 轮次 3/200, 批次 140/604
2025-03-07 23:35:55,396 - INFO - 轮次 3/200, 批次 150/604
2025-03-07 23:35:59,572 - INFO - 轮次 3/200, 批次 160/604
2025-03-07 23:36:00,965 - INFO - 轮次 3/200, 批次 170/604
2025-03-07 23:36:02,202 - INFO - 轮次 3/200, 批次 180/604
2025-03-07 23:36:03,381 - INFO - 轮次 3/200, 批次 190/604
2025-03-07 23:36:04,737 - INFO - 轮次 3/200, 批次 200/604
2025-03-07 23:36:05,864 - INFO - 轮次 3/200, 批次 210/604
2025-03-07 23:36:06,971 - INFO - 轮次 3/200, 批次 220/604
2025-03-07 23:36:08,026 - INFO - 轮次 3/200, 批次 230/604
2025-03-07 23:36:09,092 - INFO - 轮次 3/200, 批次 240/604
2025-03-07 23:36:10,256 - INFO - 轮次 3/200, 批次 250/604
2025-03-07 23:36:11,439 - INFO - 轮次 3/200, 批次 260/604
2025-03-07 23:36:12,566 - INFO - 轮次 3/200, 批次 270/604
2025-03-07 23:36:13,765 - INFO - 轮次 3/200, 批次 280/604
2025-03-07 23:36:14,929 - INFO - 轮次 3/200, 批次 290/604
2025-03-07 23:36:15,998 - INFO - 轮次 3/200, 批次 300/604
2025-03-07 23:36:17,071 - INFO - 轮次 3/200, 批次 310/604
2025-03-07 23:36:18,253 - INFO - 轮次 3/200, 批次 320/604
2025-03-07 23:36:19,524 - INFO - 轮次 3/200, 批次 330/604
2025-03-07 23:36:20,639 - INFO - 轮次 3/200, 批次 340/604
2025-03-07 23:36:21,790 - INFO - 轮次 3/200, 批次 350/604
2025-03-07 23:36:22,837 - INFO - 轮次 3/200, 批次 360/604
2025-03-07 23:36:23,884 - INFO - 轮次 3/200, 批次 370/604
2025-03-07 23:36:25,094 - INFO - 轮次 3/200, 批次 380/604
2025-03-07 23:36:26,270 - INFO - 轮次 3/200, 批次 390/604
2025-03-07 23:36:27,349 - INFO - 轮次 3/200, 批次 400/604
2025-03-07 23:36:28,486 - INFO - 轮次 3/200, 批次 410/604
2025-03-07 23:36:29,579 - INFO - 轮次 3/200, 批次 420/604
2025-03-07 23:36:30,717 - INFO - 轮次 3/200, 批次 430/604
2025-03-07 23:36:31,822 - INFO - 轮次 3/200, 批次 440/604
2025-03-07 23:36:32,948 - INFO - 轮次 3/200, 批次 450/604
2025-03-07 23:36:34,147 - INFO - 轮次 3/200, 批次 460/604
2025-03-07 23:36:35,477 - INFO - 轮次 3/200, 批次 470/604
2025-03-07 23:36:36,719 - INFO - 轮次 3/200, 批次 480/604
2025-03-07 23:36:37,987 - INFO - 轮次 3/200, 批次 490/604
2025-03-07 23:36:40,117 - INFO - 轮次 3/200, 批次 500/604
2025-03-07 23:36:41,347 - INFO - 轮次 3/200, 批次 510/604
2025-03-07 23:36:42,526 - INFO - 轮次 3/200, 批次 520/604
2025-03-07 23:36:43,671 - INFO - 轮次 3/200, 批次 530/604
2025-03-07 23:36:44,745 - INFO - 轮次 3/200, 批次 540/604
2025-03-07 23:36:46,079 - INFO - 轮次 3/200, 批次 550/604
2025-03-07 23:36:47,188 - INFO - 轮次 3/200, 批次 560/604
2025-03-07 23:36:48,468 - INFO - 轮次 3/200, 批次 570/604
2025-03-07 23:36:49,820 - INFO - 轮次 3/200, 批次 580/604
2025-03-07 23:36:51,106 - INFO - 轮次 3/200, 批次 590/604
2025-03-07 23:36:52,338 - INFO - 轮次 3/200, 批次 600/604
2025-03-07 23:36:53,428 - INFO - 轮次 3/200, 训练损失: 0.9245, 验证损失: 0.2018, 验证准确率: 0.0320, 验证F1: 0.0091, 验证精确率: 0.0057, 验证召回率: 0.0320
2025-03-07 23:36:53,435 - INFO - 保存最佳模型，验证损失: 0.2018
2025-03-07 23:36:53,437 - INFO - 轮次 4/200, 批次 0/604
2025-03-07 23:36:54,634 - INFO - 轮次 4/200, 批次 10/604
2025-03-07 23:36:55,895 - INFO - 轮次 4/200, 批次 20/604
2025-03-07 23:36:57,173 - INFO - 轮次 4/200, 批次 30/604
2025-03-07 23:36:58,367 - INFO - 轮次 4/200, 批次 40/604
2025-03-07 23:36:59,610 - INFO - 轮次 4/200, 批次 50/604
2025-03-07 23:37:01,077 - INFO - 轮次 4/200, 批次 60/604
2025-03-07 23:37:02,414 - INFO - 轮次 4/200, 批次 70/604
2025-03-07 23:37:03,625 - INFO - 轮次 4/200, 批次 80/604
2025-03-07 23:37:04,802 - INFO - 轮次 4/200, 批次 90/604
2025-03-07 23:37:06,000 - INFO - 轮次 4/200, 批次 100/604
2025-03-07 23:37:07,267 - INFO - 轮次 4/200, 批次 110/604
2025-03-07 23:37:08,518 - INFO - 轮次 4/200, 批次 120/604
2025-03-07 23:37:09,756 - INFO - 轮次 4/200, 批次 130/604
2025-03-07 23:37:10,990 - INFO - 轮次 4/200, 批次 140/604
2025-03-07 23:37:12,574 - INFO - 轮次 4/200, 批次 150/604
2025-03-07 23:37:13,968 - INFO - 轮次 4/200, 批次 160/604
2025-03-07 23:37:15,681 - INFO - 轮次 4/200, 批次 170/604
2025-03-07 23:37:17,640 - INFO - 轮次 4/200, 批次 180/604
2025-03-07 23:37:19,384 - INFO - 轮次 4/200, 批次 190/604
2025-03-07 23:37:20,933 - INFO - 轮次 4/200, 批次 200/604
2025-03-07 23:37:23,114 - INFO - 轮次 4/200, 批次 210/604
2025-03-07 23:37:24,694 - INFO - 轮次 4/200, 批次 220/604
2025-03-07 23:37:26,184 - INFO - 轮次 4/200, 批次 230/604
2025-03-07 23:37:27,778 - INFO - 轮次 4/200, 批次 240/604
2025-03-07 23:37:29,332 - INFO - 轮次 4/200, 批次 250/604
2025-03-07 23:37:30,922 - INFO - 轮次 4/200, 批次 260/604
2025-03-07 23:37:32,339 - INFO - 轮次 4/200, 批次 270/604
2025-03-07 23:37:34,103 - INFO - 轮次 4/200, 批次 280/604
2025-03-07 23:37:35,536 - INFO - 轮次 4/200, 批次 290/604
2025-03-07 23:37:37,199 - INFO - 轮次 4/200, 批次 300/604
2025-03-07 23:37:38,828 - INFO - 轮次 4/200, 批次 310/604
2025-03-07 23:37:40,179 - INFO - 轮次 4/200, 批次 320/604
2025-03-07 23:37:42,054 - INFO - 轮次 4/200, 批次 330/604
2025-03-07 23:37:43,626 - INFO - 轮次 4/200, 批次 340/604
2025-03-07 23:37:45,218 - INFO - 轮次 4/200, 批次 350/604
2025-03-07 23:37:47,079 - INFO - 轮次 4/200, 批次 360/604
2025-03-07 23:37:49,181 - INFO - 轮次 4/200, 批次 370/604
2025-03-07 23:37:50,796 - INFO - 轮次 4/200, 批次 380/604
2025-03-07 23:37:52,618 - INFO - 轮次 4/200, 批次 390/604
2025-03-07 23:37:54,259 - INFO - 轮次 4/200, 批次 400/604
2025-03-07 23:37:55,804 - INFO - 轮次 4/200, 批次 410/604
2025-03-07 23:37:57,630 - INFO - 轮次 4/200, 批次 420/604
2025-03-07 23:37:59,417 - INFO - 轮次 4/200, 批次 430/604
2025-03-07 23:38:01,124 - INFO - 轮次 4/200, 批次 440/604
2025-03-07 23:38:06,349 - INFO - 轮次 4/200, 批次 450/604
2025-03-07 23:38:08,176 - INFO - 轮次 4/200, 批次 460/604
2025-03-07 23:38:09,895 - INFO - 轮次 4/200, 批次 470/604
2025-03-07 23:38:11,429 - INFO - 轮次 4/200, 批次 480/604
2025-03-07 23:38:13,015 - INFO - 轮次 4/200, 批次 490/604
2025-03-07 23:38:15,037 - INFO - 轮次 4/200, 批次 500/604
2025-03-07 23:38:16,514 - INFO - 轮次 4/200, 批次 510/604
2025-03-07 23:38:18,114 - INFO - 轮次 4/200, 批次 520/604
2025-03-07 23:38:19,696 - INFO - 轮次 4/200, 批次 530/604
2025-03-07 23:38:21,418 - INFO - 轮次 4/200, 批次 540/604
2025-03-07 23:38:23,388 - INFO - 轮次 4/200, 批次 550/604
2025-03-07 23:38:24,766 - INFO - 轮次 4/200, 批次 560/604
2025-03-07 23:38:26,265 - INFO - 轮次 4/200, 批次 570/604
2025-03-07 23:38:27,713 - INFO - 轮次 4/200, 批次 580/604
2025-03-07 23:38:29,171 - INFO - 轮次 4/200, 批次 590/604
2025-03-07 23:38:30,638 - INFO - 轮次 4/200, 批次 600/604
2025-03-07 23:38:31,955 - INFO - 轮次 4/200, 训练损失: 0.9122, 验证损失: 0.2165, 验证准确率: 0.0320, 验证F1: 0.0097, 验证精确率: 0.0061, 验证召回率: 0.0320
2025-03-07 23:38:31,957 - INFO - 轮次 5/200, 批次 0/604
2025-03-07 23:38:33,486 - INFO - 轮次 5/200, 批次 10/604
2025-03-07 23:38:34,713 - INFO - 轮次 5/200, 批次 20/604
2025-03-07 23:38:35,993 - INFO - 轮次 5/200, 批次 30/604
2025-03-07 23:38:37,211 - INFO - 轮次 5/200, 批次 40/604
2025-03-07 23:38:38,597 - INFO - 轮次 5/200, 批次 50/604
2025-03-07 23:38:39,976 - INFO - 轮次 5/200, 批次 60/604
2025-03-07 23:38:41,607 - INFO - 轮次 5/200, 批次 70/604
2025-03-07 23:38:43,054 - INFO - 轮次 5/200, 批次 80/604
2025-03-07 23:38:44,649 - INFO - 轮次 5/200, 批次 90/604
2025-03-07 23:38:45,949 - INFO - 轮次 5/200, 批次 100/604
2025-03-07 23:38:47,434 - INFO - 轮次 5/200, 批次 110/604
2025-03-07 23:38:49,178 - INFO - 轮次 5/200, 批次 120/604
2025-03-07 23:38:50,671 - INFO - 轮次 5/200, 批次 130/604
2025-03-07 23:38:52,059 - INFO - 轮次 5/200, 批次 140/604
2025-03-07 23:38:53,246 - INFO - 轮次 5/200, 批次 150/604
2025-03-07 23:38:54,405 - INFO - 轮次 5/200, 批次 160/604
2025-03-07 23:38:55,675 - INFO - 轮次 5/200, 批次 170/604
2025-03-07 23:38:56,919 - INFO - 轮次 5/200, 批次 180/604
2025-03-07 23:38:58,135 - INFO - 轮次 5/200, 批次 190/604
2025-03-07 23:38:59,438 - INFO - 轮次 5/200, 批次 200/604
2025-03-07 23:39:00,692 - INFO - 轮次 5/200, 批次 210/604
2025-03-07 23:39:02,074 - INFO - 轮次 5/200, 批次 220/604
2025-03-07 23:39:03,360 - INFO - 轮次 5/200, 批次 230/604
2025-03-07 23:39:04,622 - INFO - 轮次 5/200, 批次 240/604
2025-03-07 23:39:05,949 - INFO - 轮次 5/200, 批次 250/604
2025-03-07 23:39:07,174 - INFO - 轮次 5/200, 批次 260/604
2025-03-07 23:39:08,426 - INFO - 轮次 5/200, 批次 270/604
2025-03-07 23:39:10,167 - INFO - 轮次 5/200, 批次 280/604
2025-03-07 23:39:11,564 - INFO - 轮次 5/200, 批次 290/604
2025-03-07 23:39:13,044 - INFO - 轮次 5/200, 批次 300/604
2025-03-07 23:39:15,033 - INFO - 轮次 5/200, 批次 310/604
2025-03-07 23:39:17,239 - INFO - 轮次 5/200, 批次 320/604
2025-03-07 23:39:19,166 - INFO - 轮次 5/200, 批次 330/604
2025-03-07 23:39:21,133 - INFO - 轮次 5/200, 批次 340/604
2025-03-07 23:39:23,014 - INFO - 轮次 5/200, 批次 350/604
2025-03-07 23:39:24,789 - INFO - 轮次 5/200, 批次 360/604
2025-03-07 23:39:26,499 - INFO - 轮次 5/200, 批次 370/604
2025-03-07 23:39:28,201 - INFO - 轮次 5/200, 批次 380/604
2025-03-07 23:39:29,831 - INFO - 轮次 5/200, 批次 390/604
2025-03-07 23:39:31,524 - INFO - 轮次 5/200, 批次 400/604
2025-03-07 23:39:33,119 - INFO - 轮次 5/200, 批次 410/604
2025-03-07 23:39:34,705 - INFO - 轮次 5/200, 批次 420/604
2025-03-07 23:39:36,195 - INFO - 轮次 5/200, 批次 430/604
2025-03-07 23:39:37,573 - INFO - 轮次 5/200, 批次 440/604
2025-03-07 23:39:39,152 - INFO - 轮次 5/200, 批次 450/604
2025-03-07 23:39:40,770 - INFO - 轮次 5/200, 批次 460/604
2025-03-07 23:39:42,397 - INFO - 轮次 5/200, 批次 470/604
2025-03-07 23:39:43,781 - INFO - 轮次 5/200, 批次 480/604
2025-03-07 23:39:45,326 - INFO - 轮次 5/200, 批次 490/604
2025-03-07 23:39:46,659 - INFO - 轮次 5/200, 批次 500/604
2025-03-07 23:39:48,002 - INFO - 轮次 5/200, 批次 510/604
2025-03-07 23:39:49,302 - INFO - 轮次 5/200, 批次 520/604
2025-03-07 23:39:50,674 - INFO - 轮次 5/200, 批次 530/604
2025-03-07 23:39:52,154 - INFO - 轮次 5/200, 批次 540/604
2025-03-07 23:39:54,002 - INFO - 轮次 5/200, 批次 550/604
2025-03-07 23:39:55,510 - INFO - 轮次 5/200, 批次 560/604
2025-03-07 23:39:57,501 - INFO - 轮次 5/200, 批次 570/604
2025-03-07 23:39:59,197 - INFO - 轮次 5/200, 批次 580/604
2025-03-07 23:40:00,831 - INFO - 轮次 5/200, 批次 590/604
2025-03-07 23:40:02,418 - INFO - 轮次 5/200, 批次 600/604
2025-03-07 23:40:03,661 - INFO - 轮次 5/200, 训练损失: 0.7625, 验证损失: 0.1755, 验证准确率: 0.0430, 验证F1: 0.0309, 验证精确率: 0.9699, 验证召回率: 0.0430
2025-03-07 23:40:03,672 - INFO - 保存最佳模型，验证损失: 0.1755
2025-03-07 23:40:03,674 - INFO - 轮次 6/200, 批次 0/604
2025-03-07 23:40:05,552 - INFO - 轮次 6/200, 批次 10/604
2025-03-07 23:40:07,731 - INFO - 轮次 6/200, 批次 20/604
2025-03-07 23:40:10,136 - INFO - 轮次 6/200, 批次 30/604
2025-03-07 23:40:11,667 - INFO - 轮次 6/200, 批次 40/604
2025-03-07 23:40:13,187 - INFO - 轮次 6/200, 批次 50/604
2025-03-07 23:40:15,160 - INFO - 轮次 6/200, 批次 60/604
2025-03-07 23:40:16,948 - INFO - 轮次 6/200, 批次 70/604
2025-03-07 23:40:18,537 - INFO - 轮次 6/200, 批次 80/604
2025-03-07 23:40:20,116 - INFO - 轮次 6/200, 批次 90/604
2025-03-07 23:40:22,094 - INFO - 轮次 6/200, 批次 100/604
2025-03-07 23:40:23,754 - INFO - 轮次 6/200, 批次 110/604
2025-03-07 23:40:25,408 - INFO - 轮次 6/200, 批次 120/604
2025-03-07 23:40:26,877 - INFO - 轮次 6/200, 批次 130/604
2025-03-07 23:40:28,254 - INFO - 轮次 6/200, 批次 140/604
2025-03-07 23:40:30,043 - INFO - 轮次 6/200, 批次 150/604
2025-03-07 23:40:31,706 - INFO - 轮次 6/200, 批次 160/604
2025-03-07 23:40:33,294 - INFO - 轮次 6/200, 批次 170/604
2025-03-07 23:40:35,369 - INFO - 轮次 6/200, 批次 180/604
2025-03-07 23:40:37,228 - INFO - 轮次 6/200, 批次 190/604
2025-03-07 23:40:38,746 - INFO - 轮次 6/200, 批次 200/604
2025-03-07 23:40:40,203 - INFO - 轮次 6/200, 批次 210/604
2025-03-07 23:40:41,870 - INFO - 轮次 6/200, 批次 220/604
2025-03-07 23:40:43,305 - INFO - 轮次 6/200, 批次 230/604
2025-03-07 23:40:44,957 - INFO - 轮次 6/200, 批次 240/604
2025-03-07 23:40:46,488 - INFO - 轮次 6/200, 批次 250/604
2025-03-07 23:40:48,109 - INFO - 轮次 6/200, 批次 260/604
2025-03-07 23:40:49,409 - INFO - 轮次 6/200, 批次 270/604
2025-03-07 23:40:50,814 - INFO - 轮次 6/200, 批次 280/604
2025-03-07 23:40:52,150 - INFO - 轮次 6/200, 批次 290/604
2025-03-07 23:40:53,448 - INFO - 轮次 6/200, 批次 300/604
2025-03-07 23:40:54,728 - INFO - 轮次 6/200, 批次 310/604
2025-03-07 23:40:56,096 - INFO - 轮次 6/200, 批次 320/604
2025-03-07 23:40:57,573 - INFO - 轮次 6/200, 批次 330/604
2025-03-07 23:40:59,044 - INFO - 轮次 6/200, 批次 340/604
2025-03-07 23:41:00,391 - INFO - 轮次 6/200, 批次 350/604
2025-03-07 23:41:01,755 - INFO - 轮次 6/200, 批次 360/604
2025-03-07 23:41:03,125 - INFO - 轮次 6/200, 批次 370/604
2025-03-07 23:41:04,504 - INFO - 轮次 6/200, 批次 380/604
2025-03-07 23:41:05,864 - INFO - 轮次 6/200, 批次 390/604
2025-03-07 23:41:07,199 - INFO - 轮次 6/200, 批次 400/604
2025-03-07 23:41:08,736 - INFO - 轮次 6/200, 批次 410/604
2025-03-07 23:41:10,226 - INFO - 轮次 6/200, 批次 420/604
2025-03-07 23:41:11,750 - INFO - 轮次 6/200, 批次 430/604
2025-03-07 23:41:13,079 - INFO - 轮次 6/200, 批次 440/604
2025-03-07 23:41:14,408 - INFO - 轮次 6/200, 批次 450/604
2025-03-07 23:41:15,753 - INFO - 轮次 6/200, 批次 460/604
2025-03-07 23:41:17,171 - INFO - 轮次 6/200, 批次 470/604
2025-03-07 23:41:18,636 - INFO - 轮次 6/200, 批次 480/604
2025-03-07 23:41:20,122 - INFO - 轮次 6/200, 批次 490/604
2025-03-07 23:41:21,835 - INFO - 轮次 6/200, 批次 500/604
2025-03-07 23:41:23,691 - INFO - 轮次 6/200, 批次 510/604
2025-03-07 23:41:25,144 - INFO - 轮次 6/200, 批次 520/604
2025-03-07 23:41:26,691 - INFO - 轮次 6/200, 批次 530/604
2025-03-07 23:41:28,399 - INFO - 轮次 6/200, 批次 540/604
2025-03-07 23:41:31,300 - INFO - 轮次 6/200, 批次 550/604
2025-03-07 23:41:33,661 - INFO - 轮次 6/200, 批次 560/604
2025-03-07 23:41:35,340 - INFO - 轮次 6/200, 批次 570/604
2025-03-07 23:41:36,799 - INFO - 轮次 6/200, 批次 580/604
2025-03-07 23:41:38,527 - INFO - 轮次 6/200, 批次 590/604
2025-03-07 23:41:40,113 - INFO - 轮次 6/200, 批次 600/604
2025-03-07 23:41:41,332 - INFO - 轮次 6/200, 训练损失: 0.7864, 验证损失: 0.1943, 验证准确率: 0.0360, 验证F1: 0.0148, 验证精确率: 0.9689, 验证召回率: 0.0360
2025-03-07 23:41:41,334 - INFO - 轮次 7/200, 批次 0/604
2025-03-07 23:41:42,764 - INFO - 轮次 7/200, 批次 10/604
2025-03-07 23:41:44,193 - INFO - 轮次 7/200, 批次 20/604
2025-03-07 23:41:45,728 - INFO - 轮次 7/200, 批次 30/604
2025-03-07 23:41:47,358 - INFO - 轮次 7/200, 批次 40/604
2025-03-07 23:41:49,231 - INFO - 轮次 7/200, 批次 50/604
2025-03-07 23:41:51,074 - INFO - 轮次 7/200, 批次 60/604
2025-03-07 23:41:52,845 - INFO - 轮次 7/200, 批次 70/604
2025-03-07 23:41:54,525 - INFO - 轮次 7/200, 批次 80/604
2025-03-07 23:41:56,291 - INFO - 轮次 7/200, 批次 90/604
2025-03-07 23:41:57,894 - INFO - 轮次 7/200, 批次 100/604
2025-03-07 23:41:59,667 - INFO - 轮次 7/200, 批次 110/604
2025-03-07 23:42:01,347 - INFO - 轮次 7/200, 批次 120/604
2025-03-07 23:42:02,791 - INFO - 轮次 7/200, 批次 130/604
2025-03-07 23:42:04,300 - INFO - 轮次 7/200, 批次 140/604
2025-03-07 23:42:05,708 - INFO - 轮次 7/200, 批次 150/604
2025-03-07 23:42:07,353 - INFO - 轮次 7/200, 批次 160/604
2025-03-07 23:42:08,873 - INFO - 轮次 7/200, 批次 170/604
2025-03-07 23:42:10,251 - INFO - 轮次 7/200, 批次 180/604
2025-03-07 23:42:11,540 - INFO - 轮次 7/200, 批次 190/604
2025-03-07 23:42:12,802 - INFO - 轮次 7/200, 批次 200/604
2025-03-07 23:42:14,216 - INFO - 轮次 7/200, 批次 210/604
2025-03-07 23:42:15,724 - INFO - 轮次 7/200, 批次 220/604
2025-03-07 23:42:17,378 - INFO - 轮次 7/200, 批次 230/604
2025-03-07 23:42:19,114 - INFO - 轮次 7/200, 批次 240/604
2025-03-07 23:42:20,369 - INFO - 轮次 7/200, 批次 250/604
2025-03-07 23:42:21,677 - INFO - 轮次 7/200, 批次 260/604
2025-03-07 23:42:22,940 - INFO - 轮次 7/200, 批次 270/604
2025-03-07 23:42:24,334 - INFO - 轮次 7/200, 批次 280/604
2025-03-07 23:42:25,618 - INFO - 轮次 7/200, 批次 290/604
2025-03-07 23:42:26,893 - INFO - 轮次 7/200, 批次 300/604
2025-03-07 23:42:28,118 - INFO - 轮次 7/200, 批次 310/604
2025-03-07 23:42:29,452 - INFO - 轮次 7/200, 批次 320/604
2025-03-07 23:42:30,751 - INFO - 轮次 7/200, 批次 330/604
2025-03-07 23:42:32,061 - INFO - 轮次 7/200, 批次 340/604
2025-03-07 23:42:33,334 - INFO - 轮次 7/200, 批次 350/604
2025-03-07 23:42:34,637 - INFO - 轮次 7/200, 批次 360/604
2025-03-07 23:42:35,926 - INFO - 轮次 7/200, 批次 370/604
2025-03-07 23:42:37,370 - INFO - 轮次 7/200, 批次 380/604
2025-03-07 23:42:39,042 - INFO - 轮次 7/200, 批次 390/604
2025-03-07 23:42:40,779 - INFO - 轮次 7/200, 批次 400/604
2025-03-07 23:42:42,103 - INFO - 轮次 7/200, 批次 410/604
2025-03-07 23:42:43,461 - INFO - 轮次 7/200, 批次 420/604
2025-03-07 23:42:44,965 - INFO - 轮次 7/200, 批次 430/604
2025-03-07 23:42:46,517 - INFO - 轮次 7/200, 批次 440/604
2025-03-07 23:42:47,885 - INFO - 轮次 7/200, 批次 450/604
2025-03-07 23:42:49,249 - INFO - 轮次 7/200, 批次 460/604
2025-03-07 23:42:50,609 - INFO - 轮次 7/200, 批次 470/604
2025-03-07 23:42:51,949 - INFO - 轮次 7/200, 批次 480/604
2025-03-07 23:42:53,438 - INFO - 轮次 7/200, 批次 490/604
2025-03-07 23:42:54,897 - INFO - 轮次 7/200, 批次 500/604
2025-03-07 23:42:56,236 - INFO - 轮次 7/200, 批次 510/604
2025-03-07 23:42:57,554 - INFO - 轮次 7/200, 批次 520/604
2025-03-07 23:42:58,772 - INFO - 轮次 7/200, 批次 530/604
2025-03-07 23:43:00,082 - INFO - 轮次 7/200, 批次 540/604
2025-03-07 23:43:01,415 - INFO - 轮次 7/200, 批次 550/604
2025-03-07 23:43:02,783 - INFO - 轮次 7/200, 批次 560/604
2025-03-07 23:43:04,221 - INFO - 轮次 7/200, 批次 570/604
2025-03-07 23:43:05,492 - INFO - 轮次 7/200, 批次 580/604
2025-03-07 23:43:06,815 - INFO - 轮次 7/200, 批次 590/604
2025-03-07 23:43:08,145 - INFO - 轮次 7/200, 批次 600/604
2025-03-07 23:43:09,355 - INFO - 轮次 7/200, 训练损失: 0.7595, 验证损失: 0.1858, 验证准确率: 0.0635, 验证F1: 0.0684, 验证精确率: 0.9694, 验证召回率: 0.0635
2025-03-07 23:43:09,358 - INFO - 轮次 8/200, 批次 0/604
2025-03-07 23:43:10,772 - INFO - 轮次 8/200, 批次 10/604
2025-03-07 23:43:12,010 - INFO - 轮次 8/200, 批次 20/604
2025-03-07 23:43:13,361 - INFO - 轮次 8/200, 批次 30/604
2025-03-07 23:43:14,635 - INFO - 轮次 8/200, 批次 40/604
2025-03-07 23:43:15,932 - INFO - 轮次 8/200, 批次 50/604
2025-03-07 23:43:17,255 - INFO - 轮次 8/200, 批次 60/604
2025-03-07 23:43:18,564 - INFO - 轮次 8/200, 批次 70/604
2025-03-07 23:43:20,244 - INFO - 轮次 8/200, 批次 80/604
2025-03-07 23:43:21,623 - INFO - 轮次 8/200, 批次 90/604
2025-03-07 23:43:23,144 - INFO - 轮次 8/200, 批次 100/604
2025-03-07 23:43:24,753 - INFO - 轮次 8/200, 批次 110/604
2025-03-07 23:43:26,128 - INFO - 轮次 8/200, 批次 120/604
2025-03-07 23:43:27,576 - INFO - 轮次 8/200, 批次 130/604
2025-03-07 23:43:28,724 - INFO - 轮次 8/200, 批次 140/604
2025-03-07 23:43:29,997 - INFO - 轮次 8/200, 批次 150/604
2025-03-07 23:43:31,682 - INFO - 轮次 8/200, 批次 160/604
2025-03-07 23:43:33,009 - INFO - 轮次 8/200, 批次 170/604
2025-03-07 23:43:34,472 - INFO - 轮次 8/200, 批次 180/604
2025-03-07 23:43:35,710 - INFO - 轮次 8/200, 批次 190/604
2025-03-07 23:43:36,959 - INFO - 轮次 8/200, 批次 200/604
2025-03-07 23:43:38,290 - INFO - 轮次 8/200, 批次 210/604
2025-03-07 23:43:39,539 - INFO - 轮次 8/200, 批次 220/604
2025-03-07 23:43:40,743 - INFO - 轮次 8/200, 批次 230/604
2025-03-07 23:43:42,176 - INFO - 轮次 8/200, 批次 240/604
2025-03-07 23:43:43,965 - INFO - 轮次 8/200, 批次 250/604
2025-03-07 23:43:45,988 - INFO - 轮次 8/200, 批次 260/604
2025-03-07 23:43:47,448 - INFO - 轮次 8/200, 批次 270/604
2025-03-07 23:43:48,799 - INFO - 轮次 8/200, 批次 280/604
2025-03-07 23:43:50,163 - INFO - 轮次 8/200, 批次 290/604
2025-03-07 23:43:53,327 - INFO - 轮次 8/200, 批次 300/604
2025-03-07 23:43:55,774 - INFO - 轮次 8/200, 批次 310/604
2025-03-07 23:43:57,344 - INFO - 轮次 8/200, 批次 320/604
2025-03-07 23:43:58,668 - INFO - 轮次 8/200, 批次 330/604
2025-03-07 23:43:59,912 - INFO - 轮次 8/200, 批次 340/604
2025-03-07 23:44:01,228 - INFO - 轮次 8/200, 批次 350/604
2025-03-07 23:44:02,640 - INFO - 轮次 8/200, 批次 360/604
2025-03-07 23:44:05,422 - INFO - 轮次 8/200, 批次 370/604
2025-03-07 23:44:06,807 - INFO - 轮次 8/200, 批次 380/604
2025-03-07 23:44:08,096 - INFO - 轮次 8/200, 批次 390/604
2025-03-07 23:44:09,430 - INFO - 轮次 8/200, 批次 400/604
2025-03-07 23:44:10,838 - INFO - 轮次 8/200, 批次 410/604
2025-03-07 23:44:12,122 - INFO - 轮次 8/200, 批次 420/604
2025-03-07 23:44:13,529 - INFO - 轮次 8/200, 批次 430/604
2025-03-07 23:44:14,810 - INFO - 轮次 8/200, 批次 440/604
2025-03-07 23:44:16,157 - INFO - 轮次 8/200, 批次 450/604
2025-03-07 23:44:17,859 - INFO - 轮次 8/200, 批次 460/604
2025-03-07 23:44:19,229 - INFO - 轮次 8/200, 批次 470/604
2025-03-07 23:44:20,577 - INFO - 轮次 8/200, 批次 480/604
2025-03-07 23:44:22,040 - INFO - 轮次 8/200, 批次 490/604
2025-03-07 23:44:23,408 - INFO - 轮次 8/200, 批次 500/604
2025-03-07 23:44:24,809 - INFO - 轮次 8/200, 批次 510/604
2025-03-07 23:44:26,095 - INFO - 轮次 8/200, 批次 520/604
2025-03-07 23:44:27,699 - INFO - 轮次 8/200, 批次 530/604
2025-03-07 23:44:29,175 - INFO - 轮次 8/200, 批次 540/604
2025-03-07 23:44:30,567 - INFO - 轮次 8/200, 批次 550/604
2025-03-07 23:44:32,049 - INFO - 轮次 8/200, 批次 560/604
2025-03-07 23:44:33,396 - INFO - 轮次 8/200, 批次 570/604
2025-03-07 23:44:34,732 - INFO - 轮次 8/200, 批次 580/604
2025-03-07 23:44:35,960 - INFO - 轮次 8/200, 批次 590/604
2025-03-07 23:44:37,479 - INFO - 轮次 8/200, 批次 600/604
2025-03-07 23:44:38,841 - INFO - 轮次 8/200, 训练损失: 0.7771, 验证损失: 0.1863, 验证准确率: 0.0540, 验证F1: 0.0513, 验证精确率: 0.9692, 验证召回率: 0.0540
2025-03-07 23:44:38,843 - INFO - 轮次 9/200, 批次 0/604
2025-03-07 23:44:40,247 - INFO - 轮次 9/200, 批次 10/604
2025-03-07 23:44:41,509 - INFO - 轮次 9/200, 批次 20/604
2025-03-07 23:44:42,999 - INFO - 轮次 9/200, 批次 30/604
2025-03-07 23:44:44,419 - INFO - 轮次 9/200, 批次 40/604
2025-03-07 23:44:45,787 - INFO - 轮次 9/200, 批次 50/604
2025-03-07 23:44:47,126 - INFO - 轮次 9/200, 批次 60/604
2025-03-07 23:44:48,573 - INFO - 轮次 9/200, 批次 70/604
2025-03-07 23:44:49,976 - INFO - 轮次 9/200, 批次 80/604
2025-03-07 23:44:51,431 - INFO - 轮次 9/200, 批次 90/604
2025-03-07 23:44:52,691 - INFO - 轮次 9/200, 批次 100/604
2025-03-07 23:44:53,949 - INFO - 轮次 9/200, 批次 110/604
2025-03-07 23:44:55,191 - INFO - 轮次 9/200, 批次 120/604
2025-03-07 23:44:56,412 - INFO - 轮次 9/200, 批次 130/604
2025-03-07 23:44:57,704 - INFO - 轮次 9/200, 批次 140/604
2025-03-07 23:44:59,223 - INFO - 轮次 9/200, 批次 150/604
2025-03-07 23:45:00,529 - INFO - 轮次 9/200, 批次 160/604
2025-03-07 23:45:01,807 - INFO - 轮次 9/200, 批次 170/604
2025-03-07 23:45:03,148 - INFO - 轮次 9/200, 批次 180/604
2025-03-07 23:45:04,615 - INFO - 轮次 9/200, 批次 190/604
2025-03-07 23:45:05,865 - INFO - 轮次 9/200, 批次 200/604
2025-03-07 23:45:07,005 - INFO - 轮次 9/200, 批次 210/604
2025-03-07 23:45:08,189 - INFO - 轮次 9/200, 批次 220/604
2025-03-07 23:45:10,384 - INFO - 轮次 9/200, 批次 230/604
2025-03-07 23:45:11,687 - INFO - 轮次 9/200, 批次 240/604
2025-03-07 23:45:12,897 - INFO - 轮次 9/200, 批次 250/604
2025-03-07 23:45:14,087 - INFO - 轮次 9/200, 批次 260/604
2025-03-07 23:45:15,382 - INFO - 轮次 9/200, 批次 270/604
2025-03-07 23:45:16,499 - INFO - 轮次 9/200, 批次 280/604
2025-03-07 23:45:18,615 - INFO - 轮次 9/200, 批次 290/604
2025-03-07 23:45:19,898 - INFO - 轮次 9/200, 批次 300/604
2025-03-07 23:45:21,330 - INFO - 轮次 9/200, 批次 310/604
2025-03-07 23:45:22,599 - INFO - 轮次 9/200, 批次 320/604
2025-03-07 23:45:23,811 - INFO - 轮次 9/200, 批次 330/604
2025-03-07 23:45:24,966 - INFO - 轮次 9/200, 批次 340/604
2025-03-07 23:45:26,164 - INFO - 轮次 9/200, 批次 350/604
2025-03-07 23:45:27,550 - INFO - 轮次 9/200, 批次 360/604
2025-03-07 23:45:28,854 - INFO - 轮次 9/200, 批次 370/604
2025-03-07 23:45:30,032 - INFO - 轮次 9/200, 批次 380/604
2025-03-07 23:45:31,383 - INFO - 轮次 9/200, 批次 390/604
2025-03-07 23:45:32,531 - INFO - 轮次 9/200, 批次 400/604
2025-03-07 23:45:33,775 - INFO - 轮次 9/200, 批次 410/604
2025-03-07 23:45:35,057 - INFO - 轮次 9/200, 批次 420/604
2025-03-07 23:45:36,363 - INFO - 轮次 9/200, 批次 430/604
2025-03-07 23:45:37,469 - INFO - 轮次 9/200, 批次 440/604
2025-03-07 23:45:38,622 - INFO - 轮次 9/200, 批次 450/604
2025-03-07 23:45:39,786 - INFO - 轮次 9/200, 批次 460/604
2025-03-07 23:45:41,029 - INFO - 轮次 9/200, 批次 470/604
2025-03-07 23:45:42,295 - INFO - 轮次 9/200, 批次 480/604
2025-03-07 23:45:43,592 - INFO - 轮次 9/200, 批次 490/604
2025-03-07 23:45:44,800 - INFO - 轮次 9/200, 批次 500/604
2025-03-07 23:45:45,933 - INFO - 轮次 9/200, 批次 510/604
2025-03-07 23:45:47,160 - INFO - 轮次 9/200, 批次 520/604
2025-03-07 23:45:48,533 - INFO - 轮次 9/200, 批次 530/604
2025-03-07 23:45:49,678 - INFO - 轮次 9/200, 批次 540/604
2025-03-07 23:45:50,926 - INFO - 轮次 9/200, 批次 550/604
2025-03-07 23:45:52,075 - INFO - 轮次 9/200, 批次 560/604
2025-03-07 23:45:53,251 - INFO - 轮次 9/200, 批次 570/604
2025-03-07 23:45:54,347 - INFO - 轮次 9/200, 批次 580/604
2025-03-07 23:45:55,461 - INFO - 轮次 9/200, 批次 590/604
2025-03-07 23:45:56,564 - INFO - 轮次 9/200, 批次 600/604
2025-03-07 23:45:57,674 - INFO - 轮次 9/200, 训练损失: 0.8304, 验证损失: 0.1862, 验证准确率: 0.0705, 验证F1: 0.0841, 验证精确率: 0.9709, 验证召回率: 0.0705
2025-03-07 23:45:57,676 - INFO - 轮次 10/200, 批次 0/604
2025-03-07 23:45:58,784 - INFO - 轮次 10/200, 批次 10/604
2025-03-07 23:45:59,934 - INFO - 轮次 10/200, 批次 20/604
2025-03-07 23:46:01,236 - INFO - 轮次 10/200, 批次 30/604
2025-03-07 23:46:02,408 - INFO - 轮次 10/200, 批次 40/604
2025-03-07 23:46:03,654 - INFO - 轮次 10/200, 批次 50/604
2025-03-07 23:46:04,789 - INFO - 轮次 10/200, 批次 60/604
2025-03-07 23:46:05,862 - INFO - 轮次 10/200, 批次 70/604
2025-03-07 23:46:07,006 - INFO - 轮次 10/200, 批次 80/604
2025-03-07 23:46:08,357 - INFO - 轮次 10/200, 批次 90/604
2025-03-07 23:46:09,678 - INFO - 轮次 10/200, 批次 100/604
2025-03-07 23:46:11,010 - INFO - 轮次 10/200, 批次 110/604
2025-03-07 23:46:12,507 - INFO - 轮次 10/200, 批次 120/604
2025-03-07 23:46:13,757 - INFO - 轮次 10/200, 批次 130/604
2025-03-07 23:46:15,265 - INFO - 轮次 10/200, 批次 140/604
2025-03-07 23:46:17,485 - INFO - 轮次 10/200, 批次 150/604
2025-03-07 23:46:18,929 - INFO - 轮次 10/200, 批次 160/604
2025-03-07 23:46:20,273 - INFO - 轮次 10/200, 批次 170/604
2025-03-07 23:46:21,841 - INFO - 轮次 10/200, 批次 180/604
2025-03-07 23:46:23,483 - INFO - 轮次 10/200, 批次 190/604
2025-03-07 23:46:24,838 - INFO - 轮次 10/200, 批次 200/604
2025-03-07 23:46:26,127 - INFO - 轮次 10/200, 批次 210/604
2025-03-07 23:46:27,507 - INFO - 轮次 10/200, 批次 220/604
2025-03-07 23:46:29,036 - INFO - 轮次 10/200, 批次 230/604
2025-03-07 23:46:30,340 - INFO - 轮次 10/200, 批次 240/604
2025-03-07 23:46:31,793 - INFO - 轮次 10/200, 批次 250/604
2025-03-07 23:46:33,494 - INFO - 轮次 10/200, 批次 260/604
2025-03-07 23:46:34,805 - INFO - 轮次 10/200, 批次 270/604
2025-03-07 23:46:36,190 - INFO - 轮次 10/200, 批次 280/604
2025-03-07 23:46:37,569 - INFO - 轮次 10/200, 批次 290/604
2025-03-07 23:46:39,050 - INFO - 轮次 10/200, 批次 300/604
2025-03-07 23:46:40,900 - INFO - 轮次 10/200, 批次 310/604
2025-03-07 23:46:42,443 - INFO - 轮次 10/200, 批次 320/604
2025-03-07 23:46:43,986 - INFO - 轮次 10/200, 批次 330/604
2025-03-07 23:46:45,412 - INFO - 轮次 10/200, 批次 340/604
2025-03-07 23:46:46,856 - INFO - 轮次 10/200, 批次 350/604
2025-03-07 23:46:48,528 - INFO - 轮次 10/200, 批次 360/604
2025-03-07 23:46:49,886 - INFO - 轮次 10/200, 批次 370/604
2025-03-07 23:46:51,306 - INFO - 轮次 10/200, 批次 380/604
2025-03-07 23:46:52,577 - INFO - 轮次 10/200, 批次 390/604
2025-03-07 23:46:54,269 - INFO - 轮次 10/200, 批次 400/604
2025-03-07 23:46:55,597 - INFO - 轮次 10/200, 批次 410/604
2025-03-07 23:46:57,168 - INFO - 轮次 10/200, 批次 420/604
2025-03-07 23:46:59,264 - INFO - 轮次 10/200, 批次 430/604
2025-03-07 23:47:00,835 - INFO - 轮次 10/200, 批次 440/604
2025-03-07 23:47:02,371 - INFO - 轮次 10/200, 批次 450/604
2025-03-07 23:47:03,881 - INFO - 轮次 10/200, 批次 460/604
2025-03-07 23:47:05,476 - INFO - 轮次 10/200, 批次 470/604
2025-03-07 23:47:06,885 - INFO - 轮次 10/200, 批次 480/604
2025-03-07 23:47:08,251 - INFO - 轮次 10/200, 批次 490/604
2025-03-07 23:47:09,866 - INFO - 轮次 10/200, 批次 500/604
2025-03-07 23:47:11,253 - INFO - 轮次 10/200, 批次 510/604
2025-03-07 23:47:12,703 - INFO - 轮次 10/200, 批次 520/604
2025-03-07 23:47:14,312 - INFO - 轮次 10/200, 批次 530/604
2025-03-07 23:47:15,884 - INFO - 轮次 10/200, 批次 540/604
2025-03-07 23:47:17,512 - INFO - 轮次 10/200, 批次 550/604
2025-03-07 23:47:18,924 - INFO - 轮次 10/200, 批次 560/604
2025-03-07 23:47:20,467 - INFO - 轮次 10/200, 批次 570/604
2025-03-07 23:47:22,064 - INFO - 轮次 10/200, 批次 580/604
2025-03-07 23:47:23,794 - INFO - 轮次 10/200, 批次 590/604
2025-03-07 23:47:25,289 - INFO - 轮次 10/200, 批次 600/604
2025-03-07 23:47:26,665 - INFO - 轮次 10/200, 训练损失: 0.6394, 验证损失: 0.1894, 验证准确率: 0.0500, 验证F1: 0.0434, 验证精确率: 0.9691, 验证召回率: 0.0500
2025-03-07 23:47:26,668 - INFO - 轮次 11/200, 批次 0/604
2025-03-07 23:47:28,109 - INFO - 轮次 11/200, 批次 10/604
2025-03-07 23:47:29,631 - INFO - 轮次 11/200, 批次 20/604
2025-03-07 23:47:31,131 - INFO - 轮次 11/200, 批次 30/604
2025-03-07 23:47:32,968 - INFO - 轮次 11/200, 批次 40/604
2025-03-07 23:47:34,370 - INFO - 轮次 11/200, 批次 50/604
2025-03-07 23:47:37,370 - INFO - 轮次 11/200, 批次 60/604
2025-03-07 23:47:38,897 - INFO - 轮次 11/200, 批次 70/604
2025-03-07 23:47:40,327 - INFO - 轮次 11/200, 批次 80/604
2025-03-07 23:47:42,017 - INFO - 轮次 11/200, 批次 90/604
2025-03-07 23:47:43,637 - INFO - 轮次 11/200, 批次 100/604
2025-03-07 23:47:45,201 - INFO - 轮次 11/200, 批次 110/604
2025-03-07 23:47:46,645 - INFO - 轮次 11/200, 批次 120/604
2025-03-07 23:47:48,213 - INFO - 轮次 11/200, 批次 130/604
2025-03-07 23:47:49,642 - INFO - 轮次 11/200, 批次 140/604
2025-03-07 23:47:51,529 - INFO - 轮次 11/200, 批次 150/604
2025-03-07 23:47:53,417 - INFO - 轮次 11/200, 批次 160/604
2025-03-07 23:47:54,901 - INFO - 轮次 11/200, 批次 170/604
2025-03-07 23:47:56,648 - INFO - 轮次 11/200, 批次 180/604
2025-03-07 23:47:58,459 - INFO - 轮次 11/200, 批次 190/604
2025-03-07 23:48:01,398 - INFO - 轮次 11/200, 批次 200/604
2025-03-07 23:48:03,050 - INFO - 轮次 11/200, 批次 210/604
2025-03-07 23:48:04,440 - INFO - 轮次 11/200, 批次 220/604
2025-03-07 23:48:06,006 - INFO - 轮次 11/200, 批次 230/604
2025-03-07 23:48:07,577 - INFO - 轮次 11/200, 批次 240/604
2025-03-07 23:48:08,959 - INFO - 轮次 11/200, 批次 250/604
2025-03-07 23:48:10,383 - INFO - 轮次 11/200, 批次 260/604
2025-03-07 23:48:11,823 - INFO - 轮次 11/200, 批次 270/604
2025-03-07 23:48:13,256 - INFO - 轮次 11/200, 批次 280/604
2025-03-07 23:48:14,780 - INFO - 轮次 11/200, 批次 290/604
2025-03-07 23:48:16,178 - INFO - 轮次 11/200, 批次 300/604
2025-03-07 23:48:17,724 - INFO - 轮次 11/200, 批次 310/604
2025-03-07 23:48:19,378 - INFO - 轮次 11/200, 批次 320/604
2025-03-07 23:48:20,792 - INFO - 轮次 11/200, 批次 330/604
2025-03-07 23:48:22,305 - INFO - 轮次 11/200, 批次 340/604
2025-03-07 23:48:23,704 - INFO - 轮次 11/200, 批次 350/604
2025-03-07 23:48:25,129 - INFO - 轮次 11/200, 批次 360/604
2025-03-07 23:48:26,604 - INFO - 轮次 11/200, 批次 370/604
2025-03-07 23:48:28,137 - INFO - 轮次 11/200, 批次 380/604
2025-03-07 23:48:29,685 - INFO - 轮次 11/200, 批次 390/604
2025-03-07 23:48:31,047 - INFO - 轮次 11/200, 批次 400/604
2025-03-07 23:48:32,490 - INFO - 轮次 11/200, 批次 410/604
2025-03-07 23:48:33,987 - INFO - 轮次 11/200, 批次 420/604
2025-03-07 23:48:35,375 - INFO - 轮次 11/200, 批次 430/604
2025-03-07 23:48:36,792 - INFO - 轮次 11/200, 批次 440/604
2025-03-07 23:48:38,325 - INFO - 轮次 11/200, 批次 450/604
2025-03-07 23:48:39,800 - INFO - 轮次 11/200, 批次 460/604
2025-03-07 23:48:41,189 - INFO - 轮次 11/200, 批次 470/604
2025-03-07 23:48:43,035 - INFO - 轮次 11/200, 批次 480/604
2025-03-07 23:48:44,513 - INFO - 轮次 11/200, 批次 490/604
2025-03-07 23:48:45,942 - INFO - 轮次 11/200, 批次 500/604
2025-03-07 23:48:47,354 - INFO - 轮次 11/200, 批次 510/604
2025-03-07 23:48:48,916 - INFO - 轮次 11/200, 批次 520/604
2025-03-07 23:48:50,337 - INFO - 轮次 11/200, 批次 530/604
2025-03-07 23:48:51,764 - INFO - 轮次 11/200, 批次 540/604
2025-03-07 23:48:53,135 - INFO - 轮次 11/200, 批次 550/604
2025-03-07 23:48:54,540 - INFO - 轮次 11/200, 批次 560/604
2025-03-07 23:48:56,010 - INFO - 轮次 11/200, 批次 570/604
2025-03-07 23:48:57,467 - INFO - 轮次 11/200, 批次 580/604
2025-03-07 23:48:58,965 - INFO - 轮次 11/200, 批次 590/604
2025-03-07 23:49:00,322 - INFO - 轮次 11/200, 批次 600/604
2025-03-07 23:49:01,587 - INFO - 轮次 11/200, 训练损失: 0.7125, 验证损失: 0.1742, 验证准确率: 0.0435, 验证F1: 0.0313, 验证精确率: 0.9702, 验证召回率: 0.0435
2025-03-07 23:49:01,599 - INFO - 保存最佳模型，验证损失: 0.1742
2025-03-07 23:49:01,602 - INFO - 轮次 12/200, 批次 0/604
2025-03-07 23:49:02,890 - INFO - 轮次 12/200, 批次 10/604
2025-03-07 23:49:04,126 - INFO - 轮次 12/200, 批次 20/604
2025-03-07 23:49:05,404 - INFO - 轮次 12/200, 批次 30/604
2025-03-07 23:49:06,784 - INFO - 轮次 12/200, 批次 40/604
2025-03-07 23:49:08,316 - INFO - 轮次 12/200, 批次 50/604
2025-03-07 23:49:09,752 - INFO - 轮次 12/200, 批次 60/604
2025-03-07 23:49:11,021 - INFO - 轮次 12/200, 批次 70/604
2025-03-07 23:49:12,432 - INFO - 轮次 12/200, 批次 80/604
2025-03-07 23:49:13,749 - INFO - 轮次 12/200, 批次 90/604
2025-03-07 23:49:15,119 - INFO - 轮次 12/200, 批次 100/604
2025-03-07 23:49:16,478 - INFO - 轮次 12/200, 批次 110/604
2025-03-07 23:49:17,707 - INFO - 轮次 12/200, 批次 120/604
2025-03-07 23:49:18,934 - INFO - 轮次 12/200, 批次 130/604
2025-03-07 23:49:20,292 - INFO - 轮次 12/200, 批次 140/604
2025-03-07 23:49:21,482 - INFO - 轮次 12/200, 批次 150/604
2025-03-07 23:49:22,817 - INFO - 轮次 12/200, 批次 160/604
2025-03-07 23:49:24,391 - INFO - 轮次 12/200, 批次 170/604
2025-03-07 23:49:25,941 - INFO - 轮次 12/200, 批次 180/604
2025-03-07 23:49:27,418 - INFO - 轮次 12/200, 批次 190/604
2025-03-07 23:49:29,132 - INFO - 轮次 12/200, 批次 200/604
2025-03-07 23:49:31,152 - INFO - 轮次 12/200, 批次 210/604
2025-03-07 23:49:32,769 - INFO - 轮次 12/200, 批次 220/604
2025-03-07 23:49:34,042 - INFO - 轮次 12/200, 批次 230/604
2025-03-07 23:49:35,540 - INFO - 轮次 12/200, 批次 240/604
2025-03-07 23:49:36,825 - INFO - 轮次 12/200, 批次 250/604
2025-03-07 23:49:38,197 - INFO - 轮次 12/200, 批次 260/604
2025-03-07 23:49:39,794 - INFO - 轮次 12/200, 批次 270/604
2025-03-07 23:49:41,435 - INFO - 轮次 12/200, 批次 280/604
2025-03-07 23:49:43,221 - INFO - 轮次 12/200, 批次 290/604
2025-03-07 23:49:44,794 - INFO - 轮次 12/200, 批次 300/604
2025-03-07 23:49:46,279 - INFO - 轮次 12/200, 批次 310/604
2025-03-07 23:49:47,891 - INFO - 轮次 12/200, 批次 320/604
2025-03-07 23:49:49,413 - INFO - 轮次 12/200, 批次 330/604
2025-03-07 23:49:51,305 - INFO - 轮次 12/200, 批次 340/604
2025-03-07 23:49:52,623 - INFO - 轮次 12/200, 批次 350/604
2025-03-07 23:49:54,100 - INFO - 轮次 12/200, 批次 360/604
2025-03-07 23:49:55,794 - INFO - 轮次 12/200, 批次 370/604
2025-03-07 23:49:57,483 - INFO - 轮次 12/200, 批次 380/604
2025-03-07 23:49:58,958 - INFO - 轮次 12/200, 批次 390/604
2025-03-07 23:50:00,500 - INFO - 轮次 12/200, 批次 400/604
2025-03-07 23:50:02,043 - INFO - 轮次 12/200, 批次 410/604
2025-03-07 23:50:03,472 - INFO - 轮次 12/200, 批次 420/604
2025-03-07 23:50:04,835 - INFO - 轮次 12/200, 批次 430/604
2025-03-07 23:50:06,508 - INFO - 轮次 12/200, 批次 440/604
2025-03-07 23:50:08,040 - INFO - 轮次 12/200, 批次 450/604
2025-03-07 23:50:09,544 - INFO - 轮次 12/200, 批次 460/604
2025-03-07 23:50:10,987 - INFO - 轮次 12/200, 批次 470/604
2025-03-07 23:50:12,678 - INFO - 轮次 12/200, 批次 480/604
2025-03-07 23:50:14,036 - INFO - 轮次 12/200, 批次 490/604
2025-03-07 23:50:15,545 - INFO - 轮次 12/200, 批次 500/604
2025-03-07 23:50:16,895 - INFO - 轮次 12/200, 批次 510/604
2025-03-07 23:50:18,124 - INFO - 轮次 12/200, 批次 520/604
2025-03-07 23:50:19,266 - INFO - 轮次 12/200, 批次 530/604
2025-03-07 23:50:20,503 - INFO - 轮次 12/200, 批次 540/604
2025-03-07 23:50:22,351 - INFO - 轮次 12/200, 批次 550/604
2025-03-07 23:50:23,816 - INFO - 轮次 12/200, 批次 560/604
2025-03-07 23:50:25,565 - INFO - 轮次 12/200, 批次 570/604
2025-03-07 23:50:27,150 - INFO - 轮次 12/200, 批次 580/604
2025-03-07 23:50:28,448 - INFO - 轮次 12/200, 批次 590/604
2025-03-07 23:50:29,782 - INFO - 轮次 12/200, 批次 600/604
2025-03-07 23:50:31,036 - INFO - 轮次 12/200, 训练损失: 0.7150, 验证损失: 0.1773, 验证准确率: 0.0720, 验证F1: 0.0845, 验证精确率: 0.9696, 验证召回率: 0.0720
2025-03-07 23:50:31,037 - INFO - 轮次 13/200, 批次 0/604
2025-03-07 23:50:32,430 - INFO - 轮次 13/200, 批次 10/604
2025-03-07 23:50:33,782 - INFO - 轮次 13/200, 批次 20/604
2025-03-07 23:50:35,012 - INFO - 轮次 13/200, 批次 30/604
2025-03-07 23:50:36,355 - INFO - 轮次 13/200, 批次 40/604
2025-03-07 23:50:37,653 - INFO - 轮次 13/200, 批次 50/604
2025-03-07 23:50:38,969 - INFO - 轮次 13/200, 批次 60/604
2025-03-07 23:50:40,221 - INFO - 轮次 13/200, 批次 70/604
2025-03-07 23:50:41,688 - INFO - 轮次 13/200, 批次 80/604
2025-03-07 23:50:43,402 - INFO - 轮次 13/200, 批次 90/604
2025-03-07 23:50:44,761 - INFO - 轮次 13/200, 批次 100/604
2025-03-07 23:50:46,155 - INFO - 轮次 13/200, 批次 110/604
2025-03-07 23:50:47,321 - INFO - 轮次 13/200, 批次 120/604
2025-03-07 23:50:48,520 - INFO - 轮次 13/200, 批次 130/604
2025-03-07 23:50:49,708 - INFO - 轮次 13/200, 批次 140/604
2025-03-07 23:50:50,932 - INFO - 轮次 13/200, 批次 150/604
2025-03-07 23:50:54,148 - INFO - 轮次 13/200, 批次 160/604
2025-03-07 23:50:55,591 - INFO - 轮次 13/200, 批次 170/604
2025-03-07 23:50:57,683 - INFO - 轮次 13/200, 批次 180/604
2025-03-07 23:50:59,155 - INFO - 轮次 13/200, 批次 190/604
2025-03-07 23:51:00,509 - INFO - 轮次 13/200, 批次 200/604
2025-03-07 23:51:01,854 - INFO - 轮次 13/200, 批次 210/604
2025-03-07 23:51:03,387 - INFO - 轮次 13/200, 批次 220/604
2025-03-07 23:51:04,824 - INFO - 轮次 13/200, 批次 230/604
2025-03-07 23:51:06,136 - INFO - 轮次 13/200, 批次 240/604
2025-03-07 23:51:07,477 - INFO - 轮次 13/200, 批次 250/604
2025-03-07 23:51:09,047 - INFO - 轮次 13/200, 批次 260/604
2025-03-07 23:51:10,464 - INFO - 轮次 13/200, 批次 270/604
2025-03-07 23:51:12,165 - INFO - 轮次 13/200, 批次 280/604
2025-03-07 23:51:14,398 - INFO - 轮次 13/200, 批次 290/604
2025-03-07 23:51:15,826 - INFO - 轮次 13/200, 批次 300/604
2025-03-07 23:51:17,132 - INFO - 轮次 13/200, 批次 310/604
2025-03-07 23:51:18,381 - INFO - 轮次 13/200, 批次 320/604
2025-03-07 23:51:19,761 - INFO - 轮次 13/200, 批次 330/604
2025-03-07 23:51:21,037 - INFO - 轮次 13/200, 批次 340/604
2025-03-07 23:51:22,353 - INFO - 轮次 13/200, 批次 350/604
2025-03-07 23:51:23,687 - INFO - 轮次 13/200, 批次 360/604
2025-03-07 23:51:25,119 - INFO - 轮次 13/200, 批次 370/604
2025-03-07 23:51:26,419 - INFO - 轮次 13/200, 批次 380/604
2025-03-07 23:51:27,729 - INFO - 轮次 13/200, 批次 390/604
2025-03-07 23:51:29,017 - INFO - 轮次 13/200, 批次 400/604
2025-03-07 23:51:30,356 - INFO - 轮次 13/200, 批次 410/604
2025-03-07 23:51:31,653 - INFO - 轮次 13/200, 批次 420/604
2025-03-07 23:51:33,175 - INFO - 轮次 13/200, 批次 430/604
2025-03-07 23:51:34,737 - INFO - 轮次 13/200, 批次 440/604
2025-03-07 23:51:36,130 - INFO - 轮次 13/200, 批次 450/604
2025-03-07 23:51:37,450 - INFO - 轮次 13/200, 批次 460/604
2025-03-07 23:51:38,977 - INFO - 轮次 13/200, 批次 470/604
2025-03-07 23:51:40,987 - INFO - 轮次 13/200, 批次 480/604
2025-03-07 23:51:42,315 - INFO - 轮次 13/200, 批次 490/604
2025-03-07 23:51:44,030 - INFO - 轮次 13/200, 批次 500/604
2025-03-07 23:51:45,595 - INFO - 轮次 13/200, 批次 510/604
2025-03-07 23:51:47,131 - INFO - 轮次 13/200, 批次 520/604
2025-03-07 23:51:48,562 - INFO - 轮次 13/200, 批次 530/604
2025-03-07 23:51:50,033 - INFO - 轮次 13/200, 批次 540/604
2025-03-07 23:51:51,477 - INFO - 轮次 13/200, 批次 550/604
2025-03-07 23:51:52,889 - INFO - 轮次 13/200, 批次 560/604
2025-03-07 23:51:54,181 - INFO - 轮次 13/200, 批次 570/604
2025-03-07 23:51:55,565 - INFO - 轮次 13/200, 批次 580/604
2025-03-07 23:51:56,823 - INFO - 轮次 13/200, 批次 590/604
2025-03-07 23:51:58,028 - INFO - 轮次 13/200, 批次 600/604
2025-03-07 23:51:59,363 - INFO - 轮次 13/200, 训练损失: 0.7014, 验证损失: 0.1900, 验证准确率: 0.0425, 验证F1: 0.0293, 验证精确率: 0.9694, 验证召回率: 0.0425
2025-03-07 23:51:59,364 - INFO - 轮次 14/200, 批次 0/604
2025-03-07 23:52:00,500 - INFO - 轮次 14/200, 批次 10/604
2025-03-07 23:52:01,614 - INFO - 轮次 14/200, 批次 20/604
2025-03-07 23:52:02,917 - INFO - 轮次 14/200, 批次 30/604
2025-03-07 23:52:03,967 - INFO - 轮次 14/200, 批次 40/604
2025-03-07 23:52:05,048 - INFO - 轮次 14/200, 批次 50/604
2025-03-07 23:52:06,319 - INFO - 轮次 14/200, 批次 60/604
2025-03-07 23:52:07,488 - INFO - 轮次 14/200, 批次 70/604
2025-03-07 23:52:08,688 - INFO - 轮次 14/200, 批次 80/604
2025-03-07 23:52:09,833 - INFO - 轮次 14/200, 批次 90/604
2025-03-07 23:52:10,927 - INFO - 轮次 14/200, 批次 100/604
2025-03-07 23:52:12,057 - INFO - 轮次 14/200, 批次 110/604
2025-03-07 23:52:13,114 - INFO - 轮次 14/200, 批次 120/604
2025-03-07 23:52:14,201 - INFO - 轮次 14/200, 批次 130/604
2025-03-07 23:52:15,435 - INFO - 轮次 14/200, 批次 140/604
2025-03-07 23:52:16,628 - INFO - 轮次 14/200, 批次 150/604
2025-03-07 23:52:17,887 - INFO - 轮次 14/200, 批次 160/604
2025-03-07 23:52:19,110 - INFO - 轮次 14/200, 批次 170/604
2025-03-07 23:52:20,205 - INFO - 轮次 14/200, 批次 180/604
2025-03-07 23:52:21,259 - INFO - 轮次 14/200, 批次 190/604
2025-03-07 23:52:22,445 - INFO - 轮次 14/200, 批次 200/604
2025-03-07 23:52:23,576 - INFO - 轮次 14/200, 批次 210/604
2025-03-07 23:52:24,734 - INFO - 轮次 14/200, 批次 220/604
2025-03-07 23:52:25,856 - INFO - 轮次 14/200, 批次 230/604
2025-03-07 23:52:27,103 - INFO - 轮次 14/200, 批次 240/604
2025-03-07 23:52:28,573 - INFO - 轮次 14/200, 批次 250/604
2025-03-07 23:52:31,317 - INFO - 轮次 14/200, 批次 260/604
2025-03-07 23:52:33,266 - INFO - 轮次 14/200, 批次 270/604
2025-03-07 23:52:34,947 - INFO - 轮次 14/200, 批次 280/604
2025-03-07 23:52:36,500 - INFO - 轮次 14/200, 批次 290/604
2025-03-07 23:52:38,559 - INFO - 轮次 14/200, 批次 300/604
2025-03-07 23:52:40,052 - INFO - 轮次 14/200, 批次 310/604
2025-03-07 23:52:41,648 - INFO - 轮次 14/200, 批次 320/604
2025-03-07 23:52:43,463 - INFO - 轮次 14/200, 批次 330/604
2025-03-07 23:52:45,146 - INFO - 轮次 14/200, 批次 340/604
2025-03-07 23:52:46,631 - INFO - 轮次 14/200, 批次 350/604
2025-03-07 23:52:48,115 - INFO - 轮次 14/200, 批次 360/604
2025-03-07 23:52:49,657 - INFO - 轮次 14/200, 批次 370/604
2025-03-07 23:52:51,379 - INFO - 轮次 14/200, 批次 380/604
2025-03-07 23:52:52,928 - INFO - 轮次 14/200, 批次 390/604
2025-03-07 23:52:54,538 - INFO - 轮次 14/200, 批次 400/604
2025-03-07 23:52:56,209 - INFO - 轮次 14/200, 批次 410/604
2025-03-07 23:52:58,072 - INFO - 轮次 14/200, 批次 420/604
2025-03-07 23:52:59,969 - INFO - 轮次 14/200, 批次 430/604
2025-03-07 23:53:02,162 - INFO - 轮次 14/200, 批次 440/604
2025-03-07 23:53:03,850 - INFO - 轮次 14/200, 批次 450/604
2025-03-07 23:53:05,235 - INFO - 轮次 14/200, 批次 460/604
2025-03-07 23:53:06,691 - INFO - 轮次 14/200, 批次 470/604
2025-03-07 23:53:07,995 - INFO - 轮次 14/200, 批次 480/604
2025-03-07 23:53:09,619 - INFO - 轮次 14/200, 批次 490/604
2025-03-07 23:53:10,907 - INFO - 轮次 14/200, 批次 500/604
2025-03-07 23:53:12,632 - INFO - 轮次 14/200, 批次 510/604
2025-03-07 23:53:14,084 - INFO - 轮次 14/200, 批次 520/604
2025-03-07 23:53:15,623 - INFO - 轮次 14/200, 批次 530/604
2025-03-07 23:53:17,220 - INFO - 轮次 14/200, 批次 540/604
2025-03-07 23:53:18,540 - INFO - 轮次 14/200, 批次 550/604
2025-03-07 23:53:19,889 - INFO - 轮次 14/200, 批次 560/604
2025-03-07 23:53:21,132 - INFO - 轮次 14/200, 批次 570/604
2025-03-07 23:53:22,296 - INFO - 轮次 14/200, 批次 580/604
2025-03-07 23:53:23,684 - INFO - 轮次 14/200, 批次 590/604
2025-03-07 23:53:25,102 - INFO - 轮次 14/200, 批次 600/604
2025-03-07 23:53:26,264 - INFO - 轮次 14/200, 训练损失: 0.6948, 验证损失: 0.1819, 验证准确率: 0.1350, 验证F1: 0.1951, 验证精确率: 0.9700, 验证召回率: 0.1350
2025-03-07 23:53:26,266 - INFO - 轮次 15/200, 批次 0/604
2025-03-07 23:53:27,609 - INFO - 轮次 15/200, 批次 10/604
2025-03-07 23:53:29,089 - INFO - 轮次 15/200, 批次 20/604
2025-03-07 23:53:30,951 - INFO - 轮次 15/200, 批次 30/604
2025-03-07 23:53:32,222 - INFO - 轮次 15/200, 批次 40/604
2025-03-07 23:53:33,462 - INFO - 轮次 15/200, 批次 50/604
2025-03-07 23:53:34,575 - INFO - 轮次 15/200, 批次 60/604
2025-03-07 23:53:35,850 - INFO - 轮次 15/200, 批次 70/604
2025-03-07 23:53:36,892 - INFO - 轮次 15/200, 批次 80/604
2025-03-07 23:53:38,021 - INFO - 轮次 15/200, 批次 90/604
2025-03-07 23:53:39,422 - INFO - 轮次 15/200, 批次 100/604
2025-03-07 23:53:40,799 - INFO - 轮次 15/200, 批次 110/604
2025-03-07 23:53:42,325 - INFO - 轮次 15/200, 批次 120/604
2025-03-07 23:53:43,813 - INFO - 轮次 15/200, 批次 130/604
2025-03-07 23:53:45,207 - INFO - 轮次 15/200, 批次 140/604
2025-03-07 23:53:46,449 - INFO - 轮次 15/200, 批次 150/604
2025-03-07 23:53:47,519 - INFO - 轮次 15/200, 批次 160/604
2025-03-07 23:53:48,691 - INFO - 轮次 15/200, 批次 170/604
2025-03-07 23:53:49,977 - INFO - 轮次 15/200, 批次 180/604
2025-03-07 23:53:51,115 - INFO - 轮次 15/200, 批次 190/604
2025-03-07 23:53:52,249 - INFO - 轮次 15/200, 批次 200/604
2025-03-07 23:53:53,347 - INFO - 轮次 15/200, 批次 210/604
2025-03-07 23:53:54,570 - INFO - 轮次 15/200, 批次 220/604
2025-03-07 23:53:55,723 - INFO - 轮次 15/200, 批次 230/604
2025-03-07 23:53:56,986 - INFO - 轮次 15/200, 批次 240/604
2025-03-07 23:53:58,085 - INFO - 轮次 15/200, 批次 250/604
2025-03-07 23:53:59,168 - INFO - 轮次 15/200, 批次 260/604
2025-03-07 23:54:00,539 - INFO - 轮次 15/200, 批次 270/604
2025-03-07 23:54:01,729 - INFO - 轮次 15/200, 批次 280/604
2025-03-07 23:54:02,814 - INFO - 轮次 15/200, 批次 290/604
2025-03-07 23:54:03,902 - INFO - 轮次 15/200, 批次 300/604
2025-03-07 23:54:05,141 - INFO - 轮次 15/200, 批次 310/604
2025-03-07 23:54:06,247 - INFO - 轮次 15/200, 批次 320/604
2025-03-07 23:54:07,297 - INFO - 轮次 15/200, 批次 330/604
2025-03-07 23:54:08,377 - INFO - 轮次 15/200, 批次 340/604
2025-03-07 23:54:09,463 - INFO - 轮次 15/200, 批次 350/604
2025-03-07 23:54:10,711 - INFO - 轮次 15/200, 批次 360/604
2025-03-07 23:54:11,850 - INFO - 轮次 15/200, 批次 370/604
2025-03-07 23:54:12,936 - INFO - 轮次 15/200, 批次 380/604
2025-03-07 23:54:14,020 - INFO - 轮次 15/200, 批次 390/604
2025-03-07 23:54:15,452 - INFO - 轮次 15/200, 批次 400/604
2025-03-07 23:54:16,631 - INFO - 轮次 15/200, 批次 410/604
2025-03-07 23:54:18,060 - INFO - 轮次 15/200, 批次 420/604
2025-03-07 23:54:19,296 - INFO - 轮次 15/200, 批次 430/604
2025-03-07 23:54:21,415 - INFO - 轮次 15/200, 批次 440/604
2025-03-07 23:54:22,868 - INFO - 轮次 15/200, 批次 450/604
2025-03-07 23:54:24,026 - INFO - 轮次 15/200, 批次 460/604
2025-03-07 23:54:25,437 - INFO - 轮次 15/200, 批次 470/604
2025-03-07 23:54:26,907 - INFO - 轮次 15/200, 批次 480/604
2025-03-07 23:54:28,096 - INFO - 轮次 15/200, 批次 490/604
2025-03-07 23:54:29,495 - INFO - 轮次 15/200, 批次 500/604
2025-03-07 23:54:31,653 - INFO - 轮次 15/200, 批次 510/604
2025-03-07 23:54:33,391 - INFO - 轮次 15/200, 批次 520/604
2025-03-07 23:54:34,955 - INFO - 轮次 15/200, 批次 530/604
2025-03-07 23:54:36,296 - INFO - 轮次 15/200, 批次 540/604
2025-03-07 23:54:37,604 - INFO - 轮次 15/200, 批次 550/604
2025-03-07 23:54:38,812 - INFO - 轮次 15/200, 批次 560/604
2025-03-07 23:54:40,167 - INFO - 轮次 15/200, 批次 570/604
2025-03-07 23:54:41,210 - INFO - 轮次 15/200, 批次 580/604
2025-03-07 23:54:42,740 - INFO - 轮次 15/200, 批次 590/604
2025-03-07 23:54:43,970 - INFO - 轮次 15/200, 批次 600/604
2025-03-07 23:54:45,066 - INFO - 轮次 15/200, 训练损失: 0.7742, 验证损失: 0.1629, 验证准确率: 0.0940, 验证F1: 0.1257, 验证精确率: 0.9701, 验证召回率: 0.0940
2025-03-07 23:54:45,074 - INFO - 保存最佳模型，验证损失: 0.1629
2025-03-07 23:54:45,075 - INFO - 轮次 16/200, 批次 0/604
2025-03-07 23:54:46,142 - INFO - 轮次 16/200, 批次 10/604
2025-03-07 23:54:47,529 - INFO - 轮次 16/200, 批次 20/604
2025-03-07 23:54:48,980 - INFO - 轮次 16/200, 批次 30/604
2025-03-07 23:54:50,371 - INFO - 轮次 16/200, 批次 40/604
2025-03-07 23:54:51,710 - INFO - 轮次 16/200, 批次 50/604
2025-03-07 23:54:53,245 - INFO - 轮次 16/200, 批次 60/604
2025-03-07 23:54:54,457 - INFO - 轮次 16/200, 批次 70/604
2025-03-07 23:54:55,595 - INFO - 轮次 16/200, 批次 80/604
2025-03-07 23:54:56,678 - INFO - 轮次 16/200, 批次 90/604
2025-03-07 23:54:57,951 - INFO - 轮次 16/200, 批次 100/604
2025-03-07 23:54:59,085 - INFO - 轮次 16/200, 批次 110/604
2025-03-07 23:55:00,297 - INFO - 轮次 16/200, 批次 120/604
2025-03-07 23:55:01,574 - INFO - 轮次 16/200, 批次 130/604
2025-03-07 23:55:03,325 - INFO - 轮次 16/200, 批次 140/604
2025-03-07 23:55:04,531 - INFO - 轮次 16/200, 批次 150/604
2025-03-07 23:55:05,621 - INFO - 轮次 16/200, 批次 160/604
2025-03-07 23:55:06,801 - INFO - 轮次 16/200, 批次 170/604
2025-03-07 23:55:09,160 - INFO - 轮次 16/200, 批次 180/604
2025-03-07 23:55:11,833 - INFO - 轮次 16/200, 批次 190/604
2025-03-07 23:55:13,799 - INFO - 轮次 16/200, 批次 200/604
2025-03-07 23:55:15,500 - INFO - 轮次 16/200, 批次 210/604
2025-03-07 23:55:17,085 - INFO - 轮次 16/200, 批次 220/604
2025-03-07 23:55:18,675 - INFO - 轮次 16/200, 批次 230/604
2025-03-07 23:55:20,208 - INFO - 轮次 16/200, 批次 240/604
2025-03-07 23:55:21,768 - INFO - 轮次 16/200, 批次 250/604
2025-03-07 23:55:23,427 - INFO - 轮次 16/200, 批次 260/604
2025-03-07 23:55:24,945 - INFO - 轮次 16/200, 批次 270/604
2025-03-07 23:55:26,462 - INFO - 轮次 16/200, 批次 280/604
2025-03-07 23:55:27,969 - INFO - 轮次 16/200, 批次 290/604
2025-03-07 23:55:29,715 - INFO - 轮次 16/200, 批次 300/604
2025-03-07 23:55:31,289 - INFO - 轮次 16/200, 批次 310/604
2025-03-07 23:55:32,726 - INFO - 轮次 16/200, 批次 320/604
2025-03-07 23:55:34,402 - INFO - 轮次 16/200, 批次 330/604
2025-03-07 23:55:35,985 - INFO - 轮次 16/200, 批次 340/604
2025-03-07 23:55:37,926 - INFO - 轮次 16/200, 批次 350/604
2025-03-07 23:55:39,504 - INFO - 轮次 16/200, 批次 360/604
2025-03-07 23:55:41,090 - INFO - 轮次 16/200, 批次 370/604
2025-03-07 23:55:43,978 - INFO - 轮次 16/200, 批次 380/604
2025-03-07 23:55:45,461 - INFO - 轮次 16/200, 批次 390/604
2025-03-07 23:55:46,948 - INFO - 轮次 16/200, 批次 400/604
2025-03-07 23:55:48,564 - INFO - 轮次 16/200, 批次 410/604
2025-03-07 23:55:50,033 - INFO - 轮次 16/200, 批次 420/604
2025-03-07 23:55:51,398 - INFO - 轮次 16/200, 批次 430/604
2025-03-07 23:55:53,004 - INFO - 轮次 16/200, 批次 440/604
2025-03-07 23:55:54,500 - INFO - 轮次 16/200, 批次 450/604
2025-03-07 23:55:55,944 - INFO - 轮次 16/200, 批次 460/604
2025-03-07 23:55:57,765 - INFO - 轮次 16/200, 批次 470/604
2025-03-07 23:55:59,209 - INFO - 轮次 16/200, 批次 480/604
2025-03-07 23:56:00,680 - INFO - 轮次 16/200, 批次 490/604
2025-03-07 23:56:01,899 - INFO - 轮次 16/200, 批次 500/604
2025-03-07 23:56:03,799 - INFO - 轮次 16/200, 批次 510/604
2025-03-07 23:56:05,850 - INFO - 轮次 16/200, 批次 520/604
2025-03-07 23:56:07,531 - INFO - 轮次 16/200, 批次 530/604
2025-03-07 23:56:09,428 - INFO - 轮次 16/200, 批次 540/604
2025-03-07 23:56:10,698 - INFO - 轮次 16/200, 批次 550/604
2025-03-07 23:56:11,952 - INFO - 轮次 16/200, 批次 560/604
2025-03-07 23:56:13,082 - INFO - 轮次 16/200, 批次 570/604
2025-03-07 23:56:14,513 - INFO - 轮次 16/200, 批次 580/604
2025-03-07 23:56:15,785 - INFO - 轮次 16/200, 批次 590/604
2025-03-07 23:56:17,033 - INFO - 轮次 16/200, 批次 600/604
2025-03-07 23:56:18,227 - INFO - 轮次 16/200, 训练损失: 0.8289, 验证损失: 0.1604, 验证准确率: 0.0530, 验证F1: 0.0501, 验证精确率: 0.9711, 验证召回率: 0.0530
2025-03-07 23:56:18,235 - INFO - 保存最佳模型，验证损失: 0.1604
2025-03-07 23:56:18,237 - INFO - 轮次 17/200, 批次 0/604
2025-03-07 23:56:20,721 - INFO - 轮次 17/200, 批次 10/604
2025-03-07 23:56:22,612 - INFO - 轮次 17/200, 批次 20/604
2025-03-07 23:56:24,354 - INFO - 轮次 17/200, 批次 30/604
2025-03-07 23:56:25,748 - INFO - 轮次 17/200, 批次 40/604
2025-03-07 23:56:26,991 - INFO - 轮次 17/200, 批次 50/604
2025-03-07 23:56:28,316 - INFO - 轮次 17/200, 批次 60/604
2025-03-07 23:56:29,533 - INFO - 轮次 17/200, 批次 70/604
2025-03-07 23:56:31,032 - INFO - 轮次 17/200, 批次 80/604
2025-03-07 23:56:32,182 - INFO - 轮次 17/200, 批次 90/604
2025-03-07 23:56:33,659 - INFO - 轮次 17/200, 批次 100/604
2025-03-07 23:56:35,424 - INFO - 轮次 17/200, 批次 110/604
2025-03-07 23:56:38,226 - INFO - 轮次 17/200, 批次 120/604
2025-03-07 23:56:39,909 - INFO - 轮次 17/200, 批次 130/604
2025-03-07 23:56:41,398 - INFO - 轮次 17/200, 批次 140/604
2025-03-07 23:56:42,812 - INFO - 轮次 17/200, 批次 150/604
2025-03-07 23:56:44,131 - INFO - 轮次 17/200, 批次 160/604
2025-03-07 23:56:45,537 - INFO - 轮次 17/200, 批次 170/604
2025-03-07 23:56:46,899 - INFO - 轮次 17/200, 批次 180/604
2025-03-07 23:56:48,292 - INFO - 轮次 17/200, 批次 190/604
2025-03-07 23:56:49,820 - INFO - 轮次 17/200, 批次 200/604
2025-03-07 23:56:51,077 - INFO - 轮次 17/200, 批次 210/604
2025-03-07 23:56:52,500 - INFO - 轮次 17/200, 批次 220/604
2025-03-07 23:56:53,871 - INFO - 轮次 17/200, 批次 230/604
2025-03-07 23:56:55,321 - INFO - 轮次 17/200, 批次 240/604
2025-03-07 23:56:56,765 - INFO - 轮次 17/200, 批次 250/604
2025-03-07 23:56:58,165 - INFO - 轮次 17/200, 批次 260/604
2025-03-07 23:56:59,624 - INFO - 轮次 17/200, 批次 270/604
2025-03-07 23:57:01,306 - INFO - 轮次 17/200, 批次 280/604
2025-03-07 23:57:02,986 - INFO - 轮次 17/200, 批次 290/604
2025-03-07 23:57:04,551 - INFO - 轮次 17/200, 批次 300/604
2025-03-07 23:57:06,043 - INFO - 轮次 17/200, 批次 310/604
2025-03-07 23:57:07,933 - INFO - 轮次 17/200, 批次 320/604
2025-03-07 23:57:09,294 - INFO - 轮次 17/200, 批次 330/604
2025-03-07 23:57:10,798 - INFO - 轮次 17/200, 批次 340/604
2025-03-07 23:57:12,542 - INFO - 轮次 17/200, 批次 350/604
2025-03-07 23:57:14,558 - INFO - 轮次 17/200, 批次 360/604
2025-03-07 23:57:16,278 - INFO - 轮次 17/200, 批次 370/604
2025-03-07 23:57:17,741 - INFO - 轮次 17/200, 批次 380/604
2025-03-07 23:57:19,514 - INFO - 轮次 17/200, 批次 390/604
2025-03-07 23:57:21,410 - INFO - 轮次 17/200, 批次 400/604
2025-03-07 23:57:22,989 - INFO - 轮次 17/200, 批次 410/604
2025-03-07 23:57:24,490 - INFO - 轮次 17/200, 批次 420/604
2025-03-07 23:57:26,087 - INFO - 轮次 17/200, 批次 430/604
2025-03-07 23:57:27,539 - INFO - 轮次 17/200, 批次 440/604
2025-03-07 23:57:29,084 - INFO - 轮次 17/200, 批次 450/604
2025-03-07 23:57:30,486 - INFO - 轮次 17/200, 批次 460/604
2025-03-07 23:57:32,128 - INFO - 轮次 17/200, 批次 470/604
2025-03-07 23:57:33,691 - INFO - 轮次 17/200, 批次 480/604
2025-03-07 23:57:34,941 - INFO - 轮次 17/200, 批次 490/604
2025-03-07 23:57:36,094 - INFO - 轮次 17/200, 批次 500/604
2025-03-07 23:57:37,251 - INFO - 轮次 17/200, 批次 510/604
2025-03-07 23:57:38,440 - INFO - 轮次 17/200, 批次 520/604
2025-03-07 23:57:39,771 - INFO - 轮次 17/200, 批次 530/604
2025-03-07 23:57:40,855 - INFO - 轮次 17/200, 批次 540/604
2025-03-07 23:57:42,105 - INFO - 轮次 17/200, 批次 550/604
2025-03-07 23:57:43,383 - INFO - 轮次 17/200, 批次 560/604
2025-03-07 23:57:44,566 - INFO - 轮次 17/200, 批次 570/604
2025-03-07 23:57:45,686 - INFO - 轮次 17/200, 批次 580/604
2025-03-07 23:57:46,811 - INFO - 轮次 17/200, 批次 590/604
2025-03-07 23:57:47,923 - INFO - 轮次 17/200, 批次 600/604
2025-03-07 23:57:49,002 - INFO - 轮次 17/200, 训练损失: 0.6719, 验证损失: 0.1865, 验证准确率: 0.1000, 验证F1: 0.1364, 验证精确率: 0.9695, 验证召回率: 0.1000
2025-03-07 23:57:49,004 - INFO - 轮次 18/200, 批次 0/604
2025-03-07 23:57:50,198 - INFO - 轮次 18/200, 批次 10/604
2025-03-07 23:57:51,344 - INFO - 轮次 18/200, 批次 20/604
2025-03-07 23:57:52,451 - INFO - 轮次 18/200, 批次 30/604
2025-03-07 23:57:53,550 - INFO - 轮次 18/200, 批次 40/604
2025-03-07 23:57:54,668 - INFO - 轮次 18/200, 批次 50/604
2025-03-07 23:57:55,732 - INFO - 轮次 18/200, 批次 60/604
2025-03-07 23:57:56,791 - INFO - 轮次 18/200, 批次 70/604
2025-03-07 23:57:57,899 - INFO - 轮次 18/200, 批次 80/604
2025-03-07 23:57:59,183 - INFO - 轮次 18/200, 批次 90/604
2025-03-07 23:58:00,475 - INFO - 轮次 18/200, 批次 100/604
2025-03-07 23:58:01,558 - INFO - 轮次 18/200, 批次 110/604
2025-03-07 23:58:02,648 - INFO - 轮次 18/200, 批次 120/604
2025-03-07 23:58:03,721 - INFO - 轮次 18/200, 批次 130/604
2025-03-07 23:58:04,838 - INFO - 轮次 18/200, 批次 140/604
2025-03-07 23:58:06,002 - INFO - 轮次 18/200, 批次 150/604
2025-03-07 23:58:07,146 - INFO - 轮次 18/200, 批次 160/604
2025-03-07 23:58:08,270 - INFO - 轮次 18/200, 批次 170/604
2025-03-07 23:58:09,408 - INFO - 轮次 18/200, 批次 180/604
2025-03-07 23:58:10,633 - INFO - 轮次 18/200, 批次 190/604
2025-03-07 23:58:11,711 - INFO - 轮次 18/200, 批次 200/604
2025-03-07 23:58:12,795 - INFO - 轮次 18/200, 批次 210/604
2025-03-07 23:58:13,854 - INFO - 轮次 18/200, 批次 220/604
2025-03-07 23:58:14,962 - INFO - 轮次 18/200, 批次 230/604
2025-03-07 23:58:16,075 - INFO - 轮次 18/200, 批次 240/604
2025-03-07 23:58:17,130 - INFO - 轮次 18/200, 批次 250/604
2025-03-07 23:58:18,392 - INFO - 轮次 18/200, 批次 260/604
2025-03-07 23:58:19,488 - INFO - 轮次 18/200, 批次 270/604
2025-03-07 23:58:20,680 - INFO - 轮次 18/200, 批次 280/604
2025-03-07 23:58:21,768 - INFO - 轮次 18/200, 批次 290/604
2025-03-07 23:58:22,903 - INFO - 轮次 18/200, 批次 300/604
2025-03-07 23:58:23,971 - INFO - 轮次 18/200, 批次 310/604
2025-03-07 23:58:25,170 - INFO - 轮次 18/200, 批次 320/604
2025-03-07 23:58:26,298 - INFO - 轮次 18/200, 批次 330/604
2025-03-07 23:58:27,398 - INFO - 轮次 18/200, 批次 340/604
2025-03-07 23:58:28,841 - INFO - 轮次 18/200, 批次 350/604
2025-03-07 23:58:30,913 - INFO - 轮次 18/200, 批次 360/604
2025-03-07 23:58:32,309 - INFO - 轮次 18/200, 批次 370/604
2025-03-07 23:58:33,667 - INFO - 轮次 18/200, 批次 380/604
2025-03-07 23:58:35,091 - INFO - 轮次 18/200, 批次 390/604
2025-03-07 23:58:36,545 - INFO - 轮次 18/200, 批次 400/604
2025-03-07 23:58:39,125 - INFO - 轮次 18/200, 批次 410/604
2025-03-07 23:58:41,863 - INFO - 轮次 18/200, 批次 420/604
2025-03-07 23:58:43,641 - INFO - 轮次 18/200, 批次 430/604
2025-03-07 23:58:45,328 - INFO - 轮次 18/200, 批次 440/604
2025-03-07 23:58:47,070 - INFO - 轮次 18/200, 批次 450/604
2025-03-07 23:58:48,464 - INFO - 轮次 18/200, 批次 460/604
2025-03-07 23:58:49,702 - INFO - 轮次 18/200, 批次 470/604
2025-03-07 23:58:50,995 - INFO - 轮次 18/200, 批次 480/604
2025-03-07 23:58:52,564 - INFO - 轮次 18/200, 批次 490/604
2025-03-07 23:58:53,817 - INFO - 轮次 18/200, 批次 500/604
2025-03-07 23:58:55,051 - INFO - 轮次 18/200, 批次 510/604
2025-03-07 23:58:56,319 - INFO - 轮次 18/200, 批次 520/604
2025-03-07 23:58:57,724 - INFO - 轮次 18/200, 批次 530/604
2025-03-07 23:58:58,965 - INFO - 轮次 18/200, 批次 540/604
2025-03-07 23:59:00,311 - INFO - 轮次 18/200, 批次 550/604
2025-03-07 23:59:01,630 - INFO - 轮次 18/200, 批次 560/604
2025-03-07 23:59:03,067 - INFO - 轮次 18/200, 批次 570/604
2025-03-07 23:59:04,326 - INFO - 轮次 18/200, 批次 580/604
2025-03-07 23:59:05,748 - INFO - 轮次 18/200, 批次 590/604
2025-03-07 23:59:07,058 - INFO - 轮次 18/200, 批次 600/604
2025-03-07 23:59:08,334 - INFO - 轮次 18/200, 训练损失: 0.6693, 验证损失: 0.1845, 验证准确率: 0.1180, 验证F1: 0.1672, 验证精确率: 0.9701, 验证召回率: 0.1180
2025-03-07 23:59:08,336 - INFO - 轮次 19/200, 批次 0/604
2025-03-07 23:59:09,623 - INFO - 轮次 19/200, 批次 10/604
2025-03-07 23:59:10,856 - INFO - 轮次 19/200, 批次 20/604
2025-03-07 23:59:12,115 - INFO - 轮次 19/200, 批次 30/604
2025-03-07 23:59:13,636 - INFO - 轮次 19/200, 批次 40/604
2025-03-07 23:59:14,956 - INFO - 轮次 19/200, 批次 50/604
2025-03-07 23:59:16,293 - INFO - 轮次 19/200, 批次 60/604
2025-03-07 23:59:17,634 - INFO - 轮次 19/200, 批次 70/604
2025-03-07 23:59:19,059 - INFO - 轮次 19/200, 批次 80/604
2025-03-07 23:59:20,308 - INFO - 轮次 19/200, 批次 90/604
2025-03-07 23:59:21,523 - INFO - 轮次 19/200, 批次 100/604
2025-03-07 23:59:22,797 - INFO - 轮次 19/200, 批次 110/604
2025-03-07 23:59:24,243 - INFO - 轮次 19/200, 批次 120/604
2025-03-07 23:59:25,523 - INFO - 轮次 19/200, 批次 130/604
2025-03-07 23:59:26,773 - INFO - 轮次 19/200, 批次 140/604
2025-03-07 23:59:28,039 - INFO - 轮次 19/200, 批次 150/604
2025-03-07 23:59:29,600 - INFO - 轮次 19/200, 批次 160/604
2025-03-07 23:59:30,979 - INFO - 轮次 19/200, 批次 170/604
2025-03-07 23:59:32,180 - INFO - 轮次 19/200, 批次 180/604
2025-03-07 23:59:33,313 - INFO - 轮次 19/200, 批次 190/604
2025-03-07 23:59:34,625 - INFO - 轮次 19/200, 批次 200/604
2025-03-07 23:59:35,775 - INFO - 轮次 19/200, 批次 210/604
2025-03-07 23:59:36,837 - INFO - 轮次 19/200, 批次 220/604
2025-03-07 23:59:37,894 - INFO - 轮次 19/200, 批次 230/604
2025-03-07 23:59:39,141 - INFO - 轮次 19/200, 批次 240/604
2025-03-07 23:59:40,220 - INFO - 轮次 19/200, 批次 250/604
2025-03-07 23:59:41,307 - INFO - 轮次 19/200, 批次 260/604
2025-03-07 23:59:42,580 - INFO - 轮次 19/200, 批次 270/604
2025-03-07 23:59:43,940 - INFO - 轮次 19/200, 批次 280/604
2025-03-07 23:59:45,160 - INFO - 轮次 19/200, 批次 290/604
2025-03-07 23:59:46,270 - INFO - 轮次 19/200, 批次 300/604
2025-03-07 23:59:47,324 - INFO - 轮次 19/200, 批次 310/604
2025-03-07 23:59:48,571 - INFO - 轮次 19/200, 批次 320/604
2025-03-07 23:59:49,650 - INFO - 轮次 19/200, 批次 330/604
2025-03-07 23:59:50,949 - INFO - 轮次 19/200, 批次 340/604
2025-03-07 23:59:51,984 - INFO - 轮次 19/200, 批次 350/604
2025-03-07 23:59:53,084 - INFO - 轮次 19/200, 批次 360/604
2025-03-07 23:59:54,234 - INFO - 轮次 19/200, 批次 370/604
2025-03-07 23:59:55,381 - INFO - 轮次 19/200, 批次 380/604
2025-03-07 23:59:56,518 - INFO - 轮次 19/200, 批次 390/604
2025-03-07 23:59:57,589 - INFO - 轮次 19/200, 批次 400/604
2025-03-07 23:59:58,653 - INFO - 轮次 19/200, 批次 410/604
2025-03-07 23:59:59,721 - INFO - 轮次 19/200, 批次 420/604
2025-03-08 00:00:00,870 - INFO - 轮次 19/200, 批次 430/604
2025-03-08 00:00:02,062 - INFO - 轮次 19/200, 批次 440/604
2025-03-08 00:00:03,168 - INFO - 轮次 19/200, 批次 450/604
2025-03-08 00:00:04,295 - INFO - 轮次 19/200, 批次 460/604
2025-03-08 00:00:05,478 - INFO - 轮次 19/200, 批次 470/604
2025-03-08 00:00:06,739 - INFO - 轮次 19/200, 批次 480/604
2025-03-08 00:00:07,998 - INFO - 轮次 19/200, 批次 490/604
2025-03-08 00:00:09,098 - INFO - 轮次 19/200, 批次 500/604
2025-03-08 00:00:10,188 - INFO - 轮次 19/200, 批次 510/604
2025-03-08 00:00:11,264 - INFO - 轮次 19/200, 批次 520/604
2025-03-08 00:00:12,458 - INFO - 轮次 19/200, 批次 530/604
2025-03-08 00:00:13,508 - INFO - 轮次 19/200, 批次 540/604
2025-03-08 00:00:14,617 - INFO - 轮次 19/200, 批次 550/604
2025-03-08 00:00:15,817 - INFO - 轮次 19/200, 批次 560/604
2025-03-08 00:00:16,980 - INFO - 轮次 19/200, 批次 570/604
2025-03-08 00:00:18,079 - INFO - 轮次 19/200, 批次 580/604
2025-03-08 00:00:19,139 - INFO - 轮次 19/200, 批次 590/604
2025-03-08 00:00:20,314 - INFO - 轮次 19/200, 批次 600/604
2025-03-08 00:00:21,445 - INFO - 轮次 19/200, 训练损失: 0.6781, 验证损失: 0.1674, 验证准确率: 0.1440, 验证F1: 0.2111, 验证精确率: 0.9710, 验证召回率: 0.1440
2025-03-08 00:00:21,447 - INFO - 轮次 20/200, 批次 0/604
2025-03-08 00:00:22,799 - INFO - 轮次 20/200, 批次 10/604
2025-03-08 00:00:23,986 - INFO - 轮次 20/200, 批次 20/604
2025-03-08 00:00:25,112 - INFO - 轮次 20/200, 批次 30/604
2025-03-08 00:00:26,210 - INFO - 轮次 20/200, 批次 40/604
2025-03-08 00:00:27,333 - INFO - 轮次 20/200, 批次 50/604
2025-03-08 00:00:28,702 - INFO - 轮次 20/200, 批次 60/604
2025-03-08 00:00:29,913 - INFO - 轮次 20/200, 批次 70/604
2025-03-08 00:00:31,035 - INFO - 轮次 20/200, 批次 80/604
2025-03-08 00:00:32,146 - INFO - 轮次 20/200, 批次 90/604
2025-03-08 00:00:33,349 - INFO - 轮次 20/200, 批次 100/604
2025-03-08 00:00:34,382 - INFO - 轮次 20/200, 批次 110/604
2025-03-08 00:00:35,594 - INFO - 轮次 20/200, 批次 120/604
2025-03-08 00:00:36,645 - INFO - 轮次 20/200, 批次 130/604
2025-03-08 00:00:37,717 - INFO - 轮次 20/200, 批次 140/604
2025-03-08 00:00:38,886 - INFO - 轮次 20/200, 批次 150/604
2025-03-08 00:00:39,962 - INFO - 轮次 20/200, 批次 160/604
2025-03-08 00:00:41,045 - INFO - 轮次 20/200, 批次 170/604
2025-03-08 00:00:42,281 - INFO - 轮次 20/200, 批次 180/604
2025-03-08 00:00:43,612 - INFO - 轮次 20/200, 批次 190/604
2025-03-08 00:00:44,723 - INFO - 轮次 20/200, 批次 200/604
2025-03-08 00:00:46,021 - INFO - 轮次 20/200, 批次 210/604
2025-03-08 00:00:47,081 - INFO - 轮次 20/200, 批次 220/604
2025-03-08 00:00:48,371 - INFO - 轮次 20/200, 批次 230/604
2025-03-08 00:00:49,481 - INFO - 轮次 20/200, 批次 240/604
2025-03-08 00:00:50,586 - INFO - 轮次 20/200, 批次 250/604
2025-03-08 00:00:51,673 - INFO - 轮次 20/200, 批次 260/604
2025-03-08 00:00:52,728 - INFO - 轮次 20/200, 批次 270/604
2025-03-08 00:00:53,878 - INFO - 轮次 20/200, 批次 280/604
2025-03-08 00:00:54,952 - INFO - 轮次 20/200, 批次 290/604
2025-03-08 00:00:56,054 - INFO - 轮次 20/200, 批次 300/604
2025-03-08 00:00:57,178 - INFO - 轮次 20/200, 批次 310/604
2025-03-08 00:00:58,236 - INFO - 轮次 20/200, 批次 320/604
2025-03-08 00:00:59,417 - INFO - 轮次 20/200, 批次 330/604
2025-03-08 00:01:00,572 - INFO - 轮次 20/200, 批次 340/604
2025-03-08 00:01:01,695 - INFO - 轮次 20/200, 批次 350/604
2025-03-08 00:01:02,756 - INFO - 轮次 20/200, 批次 360/604
2025-03-08 00:01:03,787 - INFO - 轮次 20/200, 批次 370/604
2025-03-08 00:01:04,977 - INFO - 轮次 20/200, 批次 380/604
2025-03-08 00:01:06,101 - INFO - 轮次 20/200, 批次 390/604
2025-03-08 00:01:07,389 - INFO - 轮次 20/200, 批次 400/604
2025-03-08 00:01:08,430 - INFO - 轮次 20/200, 批次 410/604
2025-03-08 00:01:09,565 - INFO - 轮次 20/200, 批次 420/604
2025-03-08 00:01:10,637 - INFO - 轮次 20/200, 批次 430/604
2025-03-08 00:01:11,743 - INFO - 轮次 20/200, 批次 440/604
2025-03-08 00:01:12,792 - INFO - 轮次 20/200, 批次 450/604
2025-03-08 00:01:13,826 - INFO - 轮次 20/200, 批次 460/604
2025-03-08 00:01:14,993 - INFO - 轮次 20/200, 批次 470/604
2025-03-08 00:01:16,274 - INFO - 轮次 20/200, 批次 480/604
2025-03-08 00:01:17,475 - INFO - 轮次 20/200, 批次 490/604
2025-03-08 00:01:18,565 - INFO - 轮次 20/200, 批次 500/604
2025-03-08 00:01:19,617 - INFO - 轮次 20/200, 批次 510/604
2025-03-08 00:01:20,804 - INFO - 轮次 20/200, 批次 520/604
2025-03-08 00:01:21,902 - INFO - 轮次 20/200, 批次 530/604
2025-03-08 00:01:23,115 - INFO - 轮次 20/200, 批次 540/604
2025-03-08 00:01:24,138 - INFO - 轮次 20/200, 批次 550/604
2025-03-08 00:01:26,248 - INFO - 轮次 20/200, 批次 560/604
2025-03-08 00:01:28,036 - INFO - 轮次 20/200, 批次 570/604
2025-03-08 00:01:29,460 - INFO - 轮次 20/200, 批次 580/604
2025-03-08 00:01:30,727 - INFO - 轮次 20/200, 批次 590/604
2025-03-08 00:01:32,120 - INFO - 轮次 20/200, 批次 600/604
2025-03-08 00:01:33,378 - INFO - 轮次 20/200, 训练损失: 0.7641, 验证损失: 0.1429, 验证准确率: 0.0800, 验证F1: 0.1007, 验证精确率: 0.9701, 验证召回率: 0.0800
2025-03-08 00:01:33,386 - INFO - 保存最佳模型，验证损失: 0.1429
2025-03-08 00:01:33,388 - INFO - 轮次 21/200, 批次 0/604
2025-03-08 00:01:34,687 - INFO - 轮次 21/200, 批次 10/604
2025-03-08 00:01:35,974 - INFO - 轮次 21/200, 批次 20/604
2025-03-08 00:01:37,298 - INFO - 轮次 21/200, 批次 30/604
2025-03-08 00:01:38,701 - INFO - 轮次 21/200, 批次 40/604
2025-03-08 00:01:40,003 - INFO - 轮次 21/200, 批次 50/604
2025-03-08 00:01:41,262 - INFO - 轮次 21/200, 批次 60/604
2025-03-08 00:01:42,569 - INFO - 轮次 21/200, 批次 70/604
2025-03-08 00:01:43,861 - INFO - 轮次 21/200, 批次 80/604
2025-03-08 00:01:45,358 - INFO - 轮次 21/200, 批次 90/604
2025-03-08 00:01:46,816 - INFO - 轮次 21/200, 批次 100/604
2025-03-08 00:01:48,244 - INFO - 轮次 21/200, 批次 110/604
2025-03-08 00:01:49,730 - INFO - 轮次 21/200, 批次 120/604
2025-03-08 00:01:51,288 - INFO - 轮次 21/200, 批次 130/604
2025-03-08 00:01:52,825 - INFO - 轮次 21/200, 批次 140/604
2025-03-08 00:01:54,107 - INFO - 轮次 21/200, 批次 150/604
2025-03-08 00:01:55,382 - INFO - 轮次 21/200, 批次 160/604
2025-03-08 00:01:56,849 - INFO - 轮次 21/200, 批次 170/604
2025-03-08 00:01:58,307 - INFO - 轮次 21/200, 批次 180/604
2025-03-08 00:01:59,600 - INFO - 轮次 21/200, 批次 190/604
2025-03-08 00:02:01,148 - INFO - 轮次 21/200, 批次 200/604
2025-03-08 00:02:02,719 - INFO - 轮次 21/200, 批次 210/604
2025-03-08 00:02:04,237 - INFO - 轮次 21/200, 批次 220/604
2025-03-08 00:02:05,834 - INFO - 轮次 21/200, 批次 230/604
2025-03-08 00:02:07,385 - INFO - 轮次 21/200, 批次 240/604
2025-03-08 00:02:09,073 - INFO - 轮次 21/200, 批次 250/604
2025-03-08 00:02:10,843 - INFO - 轮次 21/200, 批次 260/604
2025-03-08 00:02:12,437 - INFO - 轮次 21/200, 批次 270/604
2025-03-08 00:02:13,849 - INFO - 轮次 21/200, 批次 280/604
2025-03-08 00:02:16,423 - INFO - 轮次 21/200, 批次 290/604
2025-03-08 00:02:17,503 - INFO - 轮次 21/200, 批次 300/604
2025-03-08 00:02:18,741 - INFO - 轮次 21/200, 批次 310/604
2025-03-08 00:02:20,016 - INFO - 轮次 21/200, 批次 320/604
2025-03-08 00:02:21,163 - INFO - 轮次 21/200, 批次 330/604
2025-03-08 00:02:22,870 - INFO - 轮次 21/200, 批次 340/604
2025-03-08 00:02:24,028 - INFO - 轮次 21/200, 批次 350/604
2025-03-08 00:02:25,141 - INFO - 轮次 21/200, 批次 360/604
2025-03-08 00:02:26,098 - INFO - 轮次 21/200, 批次 370/604
2025-03-08 00:02:27,018 - INFO - 轮次 21/200, 批次 380/604
2025-03-08 00:02:27,943 - INFO - 轮次 21/200, 批次 390/604
2025-03-08 00:02:28,874 - INFO - 轮次 21/200, 批次 400/604
2025-03-08 00:02:29,850 - INFO - 轮次 21/200, 批次 410/604
2025-03-08 00:02:30,773 - INFO - 轮次 21/200, 批次 420/604
2025-03-08 00:02:31,765 - INFO - 轮次 21/200, 批次 430/604
2025-03-08 00:02:32,736 - INFO - 轮次 21/200, 批次 440/604
2025-03-08 00:02:33,681 - INFO - 轮次 21/200, 批次 450/604
2025-03-08 00:02:34,643 - INFO - 轮次 21/200, 批次 460/604
2025-03-08 00:02:35,572 - INFO - 轮次 21/200, 批次 470/604
2025-03-08 00:02:36,520 - INFO - 轮次 21/200, 批次 480/604
2025-03-08 00:02:37,460 - INFO - 轮次 21/200, 批次 490/604
2025-03-08 00:02:38,373 - INFO - 轮次 21/200, 批次 500/604
2025-03-08 00:02:39,317 - INFO - 轮次 21/200, 批次 510/604
2025-03-08 00:02:40,395 - INFO - 轮次 21/200, 批次 520/604
2025-03-08 00:02:41,408 - INFO - 轮次 21/200, 批次 530/604
2025-03-08 00:02:42,529 - INFO - 轮次 21/200, 批次 540/604
2025-03-08 00:02:43,582 - INFO - 轮次 21/200, 批次 550/604
2025-03-08 00:02:44,670 - INFO - 轮次 21/200, 批次 560/604
2025-03-08 00:02:45,650 - INFO - 轮次 21/200, 批次 570/604
2025-03-08 00:02:46,678 - INFO - 轮次 21/200, 批次 580/604
2025-03-08 00:02:47,686 - INFO - 轮次 21/200, 批次 590/604
2025-03-08 00:02:48,611 - INFO - 轮次 21/200, 批次 600/604
2025-03-08 00:02:49,613 - INFO - 轮次 21/200, 训练损失: 0.7792, 验证损失: 0.1701, 验证准确率: 0.0970, 验证F1: 0.1308, 验证精确率: 0.9699, 验证召回率: 0.0970
2025-03-08 00:02:49,614 - INFO - 轮次 22/200, 批次 0/604
2025-03-08 00:02:50,584 - INFO - 轮次 22/200, 批次 10/604
2025-03-08 00:02:51,545 - INFO - 轮次 22/200, 批次 20/604
2025-03-08 00:02:52,543 - INFO - 轮次 22/200, 批次 30/604
2025-03-08 00:02:53,499 - INFO - 轮次 22/200, 批次 40/604
2025-03-08 00:02:54,442 - INFO - 轮次 22/200, 批次 50/604
2025-03-08 00:02:55,385 - INFO - 轮次 22/200, 批次 60/604
2025-03-08 00:02:56,323 - INFO - 轮次 22/200, 批次 70/604
2025-03-08 00:02:57,238 - INFO - 轮次 22/200, 批次 80/604
2025-03-08 00:02:58,149 - INFO - 轮次 22/200, 批次 90/604
2025-03-08 00:02:59,079 - INFO - 轮次 22/200, 批次 100/604
2025-03-08 00:03:00,120 - INFO - 轮次 22/200, 批次 110/604
2025-03-08 00:03:01,088 - INFO - 轮次 22/200, 批次 120/604
2025-03-08 00:03:02,051 - INFO - 轮次 22/200, 批次 130/604
2025-03-08 00:03:02,958 - INFO - 轮次 22/200, 批次 140/604
2025-03-08 00:03:03,785 - INFO - 轮次 22/200, 批次 150/604
2025-03-08 00:03:04,645 - INFO - 轮次 22/200, 批次 160/604
2025-03-08 00:03:05,579 - INFO - 轮次 22/200, 批次 170/604
2025-03-08 00:03:06,509 - INFO - 轮次 22/200, 批次 180/604
2025-03-08 00:03:07,441 - INFO - 轮次 22/200, 批次 190/604
2025-03-08 00:03:08,365 - INFO - 轮次 22/200, 批次 200/604
2025-03-08 00:03:09,292 - INFO - 轮次 22/200, 批次 210/604
2025-03-08 00:03:10,250 - INFO - 轮次 22/200, 批次 220/604
2025-03-08 00:03:11,239 - INFO - 轮次 22/200, 批次 230/604
2025-03-08 00:03:12,162 - INFO - 轮次 22/200, 批次 240/604
2025-03-08 00:03:13,077 - INFO - 轮次 22/200, 批次 250/604
2025-03-08 00:03:13,934 - INFO - 轮次 22/200, 批次 260/604
2025-03-08 00:03:14,830 - INFO - 轮次 22/200, 批次 270/604
2025-03-08 00:03:15,707 - INFO - 轮次 22/200, 批次 280/604
2025-03-08 00:03:16,660 - INFO - 轮次 22/200, 批次 290/604
2025-03-08 00:03:17,686 - INFO - 轮次 22/200, 批次 300/604
2025-03-08 00:03:18,627 - INFO - 轮次 22/200, 批次 310/604
2025-03-08 00:03:19,517 - INFO - 轮次 22/200, 批次 320/604
2025-03-08 00:03:20,370 - INFO - 轮次 22/200, 批次 330/604
2025-03-08 00:03:21,317 - INFO - 轮次 22/200, 批次 340/604
2025-03-08 00:03:22,175 - INFO - 轮次 22/200, 批次 350/604
2025-03-08 00:03:23,084 - INFO - 轮次 22/200, 批次 360/604
2025-03-08 00:03:23,938 - INFO - 轮次 22/200, 批次 370/604
2025-03-08 00:03:24,835 - INFO - 轮次 22/200, 批次 380/604
2025-03-08 00:03:25,718 - INFO - 轮次 22/200, 批次 390/604
2025-03-08 00:03:26,671 - INFO - 轮次 22/200, 批次 400/604
2025-03-08 00:03:27,570 - INFO - 轮次 22/200, 批次 410/604
2025-03-08 00:03:28,441 - INFO - 轮次 22/200, 批次 420/604
2025-03-08 00:03:29,352 - INFO - 轮次 22/200, 批次 430/604
2025-03-08 00:03:30,182 - INFO - 轮次 22/200, 批次 440/604
2025-03-08 00:03:31,137 - INFO - 轮次 22/200, 批次 450/604
2025-03-08 00:03:32,071 - INFO - 轮次 22/200, 批次 460/604
2025-03-08 00:03:32,992 - INFO - 轮次 22/200, 批次 470/604
2025-03-08 00:03:33,833 - INFO - 轮次 22/200, 批次 480/604
2025-03-08 00:03:34,763 - INFO - 轮次 22/200, 批次 490/604
2025-03-08 00:03:35,781 - INFO - 轮次 22/200, 批次 500/604
2025-03-08 00:03:36,756 - INFO - 轮次 22/200, 批次 510/604
2025-03-08 00:03:37,725 - INFO - 轮次 22/200, 批次 520/604
2025-03-08 00:03:38,666 - INFO - 轮次 22/200, 批次 530/604
2025-03-08 00:03:39,617 - INFO - 轮次 22/200, 批次 540/604
2025-03-08 00:03:40,518 - INFO - 轮次 22/200, 批次 550/604
2025-03-08 00:03:41,597 - INFO - 轮次 22/200, 批次 560/604
2025-03-08 00:03:42,608 - INFO - 轮次 22/200, 批次 570/604
2025-03-08 00:03:43,577 - INFO - 轮次 22/200, 批次 580/604
2025-03-08 00:03:44,532 - INFO - 轮次 22/200, 批次 590/604
2025-03-08 00:03:45,430 - INFO - 轮次 22/200, 批次 600/604
2025-03-08 00:03:46,354 - INFO - 轮次 22/200, 训练损失: 0.6683, 验证损失: 0.1722, 验证准确率: 0.0815, 验证F1: 0.1047, 验证精确率: 0.9710, 验证召回率: 0.0815
2025-03-08 00:03:46,355 - INFO - 轮次 23/200, 批次 0/604
2025-03-08 00:03:47,264 - INFO - 轮次 23/200, 批次 10/604
2025-03-08 00:03:48,083 - INFO - 轮次 23/200, 批次 20/604
2025-03-08 00:03:48,934 - INFO - 轮次 23/200, 批次 30/604
2025-03-08 00:03:49,783 - INFO - 轮次 23/200, 批次 40/604
2025-03-08 00:03:50,598 - INFO - 轮次 23/200, 批次 50/604
2025-03-08 00:03:51,477 - INFO - 轮次 23/200, 批次 60/604
2025-03-08 00:03:52,429 - INFO - 轮次 23/200, 批次 70/604
2025-03-08 00:03:53,285 - INFO - 轮次 23/200, 批次 80/604
2025-03-08 00:03:54,113 - INFO - 轮次 23/200, 批次 90/604
2025-03-08 00:03:54,961 - INFO - 轮次 23/200, 批次 100/604
2025-03-08 00:03:55,781 - INFO - 轮次 23/200, 批次 110/604
2025-03-08 00:03:56,604 - INFO - 轮次 23/200, 批次 120/604
2025-03-08 00:03:57,482 - INFO - 轮次 23/200, 批次 130/604
2025-03-08 00:03:58,316 - INFO - 轮次 23/200, 批次 140/604
2025-03-08 00:03:59,164 - INFO - 轮次 23/200, 批次 150/604
2025-03-08 00:03:59,989 - INFO - 轮次 23/200, 批次 160/604
2025-03-08 00:04:00,876 - INFO - 轮次 23/200, 批次 170/604
2025-03-08 00:04:01,754 - INFO - 轮次 23/200, 批次 180/604
2025-03-08 00:04:02,621 - INFO - 轮次 23/200, 批次 190/604
2025-03-08 00:04:03,501 - INFO - 轮次 23/200, 批次 200/604
2025-03-08 00:04:04,328 - INFO - 轮次 23/200, 批次 210/604
2025-03-08 00:04:05,186 - INFO - 轮次 23/200, 批次 220/604
2025-03-08 00:04:06,021 - INFO - 轮次 23/200, 批次 230/604
2025-03-08 00:04:06,865 - INFO - 轮次 23/200, 批次 240/604
2025-03-08 00:04:07,859 - INFO - 轮次 23/200, 批次 250/604
2025-03-08 00:04:09,352 - INFO - 轮次 23/200, 批次 260/604
2025-03-08 00:04:10,500 - INFO - 轮次 23/200, 批次 270/604
2025-03-08 00:04:11,482 - INFO - 轮次 23/200, 批次 280/604
2025-03-08 00:04:12,463 - INFO - 轮次 23/200, 批次 290/604
2025-03-08 00:04:13,484 - INFO - 轮次 23/200, 批次 300/604
2025-03-08 00:04:14,394 - INFO - 轮次 23/200, 批次 310/604
2025-03-08 00:04:15,369 - INFO - 轮次 23/200, 批次 320/604
2025-03-08 00:04:16,312 - INFO - 轮次 23/200, 批次 330/604
2025-03-08 00:04:17,263 - INFO - 轮次 23/200, 批次 340/604
2025-03-08 00:04:18,266 - INFO - 轮次 23/200, 批次 350/604
2025-03-08 00:04:19,262 - INFO - 轮次 23/200, 批次 360/604
2025-03-08 00:04:20,247 - INFO - 轮次 23/200, 批次 370/604
2025-03-08 00:04:21,215 - INFO - 轮次 23/200, 批次 380/604
2025-03-08 00:04:22,293 - INFO - 轮次 23/200, 批次 390/604
2025-03-08 00:04:23,465 - INFO - 轮次 23/200, 批次 400/604
2025-03-08 00:04:24,444 - INFO - 轮次 23/200, 批次 410/604
2025-03-08 00:04:25,450 - INFO - 轮次 23/200, 批次 420/604
2025-03-08 00:04:26,439 - INFO - 轮次 23/200, 批次 430/604
2025-03-08 00:04:27,401 - INFO - 轮次 23/200, 批次 440/604
2025-03-08 00:04:28,445 - INFO - 轮次 23/200, 批次 450/604
2025-03-08 00:04:29,450 - INFO - 轮次 23/200, 批次 460/604
2025-03-08 00:04:30,410 - INFO - 轮次 23/200, 批次 470/604
2025-03-08 00:04:31,385 - INFO - 轮次 23/200, 批次 480/604
2025-03-08 00:04:32,375 - INFO - 轮次 23/200, 批次 490/604
2025-03-08 00:04:33,400 - INFO - 轮次 23/200, 批次 500/604
2025-03-08 00:04:34,357 - INFO - 轮次 23/200, 批次 510/604
2025-03-08 00:04:35,340 - INFO - 轮次 23/200, 批次 520/604
2025-03-08 00:04:36,318 - INFO - 轮次 23/200, 批次 530/604
2025-03-08 00:04:37,281 - INFO - 轮次 23/200, 批次 540/604
2025-03-08 00:04:38,304 - INFO - 轮次 23/200, 批次 550/604
2025-03-08 00:04:39,334 - INFO - 轮次 23/200, 批次 560/604
2025-03-08 00:04:40,270 - INFO - 轮次 23/200, 批次 570/604
2025-03-08 00:04:41,195 - INFO - 轮次 23/200, 批次 580/604
2025-03-08 00:04:42,153 - INFO - 轮次 23/200, 批次 590/604
2025-03-08 00:04:43,095 - INFO - 轮次 23/200, 批次 600/604
2025-03-08 00:04:44,120 - INFO - 轮次 23/200, 训练损失: 0.7003, 验证损失: 0.1642, 验证准确率: 0.0770, 验证F1: 0.0954, 验证精确率: 0.9702, 验证召回率: 0.0770
2025-03-08 00:04:44,122 - INFO - 轮次 24/200, 批次 0/604
2025-03-08 00:04:45,131 - INFO - 轮次 24/200, 批次 10/604
2025-03-08 00:04:46,129 - INFO - 轮次 24/200, 批次 20/604
2025-03-08 00:04:47,109 - INFO - 轮次 24/200, 批次 30/604
2025-03-08 00:04:48,117 - INFO - 轮次 24/200, 批次 40/604
2025-03-08 00:04:49,133 - INFO - 轮次 24/200, 批次 50/604
2025-03-08 00:04:50,096 - INFO - 轮次 24/200, 批次 60/604
2025-03-08 00:04:51,122 - INFO - 轮次 24/200, 批次 70/604
2025-03-08 00:04:52,067 - INFO - 轮次 24/200, 批次 80/604
2025-03-08 00:04:52,991 - INFO - 轮次 24/200, 批次 90/604
2025-03-08 00:04:53,914 - INFO - 轮次 24/200, 批次 100/604
2025-03-08 00:04:54,866 - INFO - 轮次 24/200, 批次 110/604
2025-03-08 00:04:55,761 - INFO - 轮次 24/200, 批次 120/604
2025-03-08 00:04:56,662 - INFO - 轮次 24/200, 批次 130/604
2025-03-08 00:04:57,603 - INFO - 轮次 24/200, 批次 140/604
2025-03-08 00:04:58,545 - INFO - 轮次 24/200, 批次 150/604
2025-03-08 00:04:59,495 - INFO - 轮次 24/200, 批次 160/604
2025-03-08 00:05:00,397 - INFO - 轮次 24/200, 批次 170/604
2025-03-08 00:05:01,348 - INFO - 轮次 24/200, 批次 180/604
2025-03-08 00:05:02,295 - INFO - 轮次 24/200, 批次 190/604
2025-03-08 00:05:03,291 - INFO - 轮次 24/200, 批次 200/604
2025-03-08 00:05:04,245 - INFO - 轮次 24/200, 批次 210/604
2025-03-08 00:05:05,228 - INFO - 轮次 24/200, 批次 220/604
2025-03-08 00:05:06,190 - INFO - 轮次 24/200, 批次 230/604
2025-03-08 00:05:07,133 - INFO - 轮次 24/200, 批次 240/604
2025-03-08 00:05:08,040 - INFO - 轮次 24/200, 批次 250/604
2025-03-08 00:05:08,969 - INFO - 轮次 24/200, 批次 260/604
2025-03-08 00:05:09,893 - INFO - 轮次 24/200, 批次 270/604
2025-03-08 00:05:10,991 - INFO - 轮次 24/200, 批次 280/604
2025-03-08 00:05:11,917 - INFO - 轮次 24/200, 批次 290/604
2025-03-08 00:05:12,915 - INFO - 轮次 24/200, 批次 300/604
2025-03-08 00:05:13,769 - INFO - 轮次 24/200, 批次 310/604
2025-03-08 00:05:14,724 - INFO - 轮次 24/200, 批次 320/604
2025-03-08 00:05:15,710 - INFO - 轮次 24/200, 批次 330/604
2025-03-08 00:05:16,672 - INFO - 轮次 24/200, 批次 340/604
2025-03-08 00:05:17,590 - INFO - 轮次 24/200, 批次 350/604
2025-03-08 00:05:18,491 - INFO - 轮次 24/200, 批次 360/604
2025-03-08 00:05:19,401 - INFO - 轮次 24/200, 批次 370/604
2025-03-08 00:05:20,342 - INFO - 轮次 24/200, 批次 380/604
2025-03-08 00:05:21,292 - INFO - 轮次 24/200, 批次 390/604
2025-03-08 00:05:22,166 - INFO - 轮次 24/200, 批次 400/604
2025-03-08 00:05:23,022 - INFO - 轮次 24/200, 批次 410/604
2025-03-08 00:05:23,928 - INFO - 轮次 24/200, 批次 420/604
2025-03-08 00:05:24,810 - INFO - 轮次 24/200, 批次 430/604
2025-03-08 00:05:25,751 - INFO - 轮次 24/200, 批次 440/604
2025-03-08 00:05:26,636 - INFO - 轮次 24/200, 批次 450/604
2025-03-08 00:05:27,560 - INFO - 轮次 24/200, 批次 460/604
2025-03-08 00:05:28,447 - INFO - 轮次 24/200, 批次 470/604
2025-03-08 00:05:29,381 - INFO - 轮次 24/200, 批次 480/604
2025-03-08 00:05:30,402 - INFO - 轮次 24/200, 批次 490/604
2025-03-08 00:05:31,287 - INFO - 轮次 24/200, 批次 500/604
2025-03-08 00:05:32,267 - INFO - 轮次 24/200, 批次 510/604
2025-03-08 00:05:33,171 - INFO - 轮次 24/200, 批次 520/604
2025-03-08 00:05:34,075 - INFO - 轮次 24/200, 批次 530/604
2025-03-08 00:05:35,195 - INFO - 轮次 24/200, 批次 540/604
2025-03-08 00:05:36,276 - INFO - 轮次 24/200, 批次 550/604
